\BOOKMARK [1][-]{section.1}{基本仪器}{}% 1
\BOOKMARK [2][-]{subsection.1.1}{容器}{section.1}% 2
\BOOKMARK [2][-]{subsection.1.2}{量器}{section.1}% 3
\BOOKMARK [3][-]{subsubsection.1.2.1}{温度计}{subsection.1.2}% 4
\BOOKMARK [3][-]{subsubsection.1.2.2}{容量瓶}{subsection.1.2}% 5
\BOOKMARK [3][-]{subsubsection.1.2.3}{滴定管}{subsection.1.2}% 6
\BOOKMARK [2][-]{subsection.1.3}{分离仪器}{section.1}% 7
\BOOKMARK [3][-]{subsubsection.1.3.1}{干燥管}{subsection.1.3}% 8
\BOOKMARK [2][-]{subsection.1.4}{其他}{section.1}% 9
\BOOKMARK [3][-]{subsubsection.1.4.1}{冷凝管}{subsection.1.4}% 10
\BOOKMARK [3][-]{subsubsection.1.4.2}{启普发生器}{subsection.1.4}% 11
\BOOKMARK [2][-]{subsection.1.5}{总结}{section.1}% 12
\BOOKMARK [3][-]{subsubsection.1.5.1}{特殊仪器}{subsection.1.5}% 13
\BOOKMARK [1][-]{section.2}{化学实验安全与试剂保存}{}% 14
\BOOKMARK [2][-]{subsection.2.1}{试剂保存}{section.2}% 15
\BOOKMARK [3][-]{subsubsection.2.1.1}{试剂瓶的选择}{subsection.2.1}% 16
\BOOKMARK [3][-]{subsubsection.2.1.2}{危险标志}{subsection.2.1}% 17
\BOOKMARK [3][-]{subsubsection.2.1.3}{一些试剂保存方式}{subsection.2.1}% 18
\BOOKMARK [2][-]{subsection.2.2}{事故处理}{section.2}% 19
\BOOKMARK [1][-]{section.3}{基本操作}{}% 20
\BOOKMARK [2][-]{subsection.3.1}{仪器的洗涤}{section.3}% 21
\BOOKMARK [3][-]{subsubsection.3.1.1}{洗涤试剂的选择}{subsection.3.1}% 22
\BOOKMARK [2][-]{subsection.3.2}{装置气密性检查}{section.3}% 23
\BOOKMARK [3][-]{subsubsection.3.2.1}{常见方法}{subsection.3.2}% 24
\BOOKMARK [2][-]{subsection.3.3}{试纸的使用}{section.3}% 25
\BOOKMARK [3][-]{subsubsection.3.3.1}{常见类型}{subsection.3.3}% 26
\BOOKMARK [3][-]{subsubsection.3.3.2}{使用方法}{subsection.3.3}% 27
\BOOKMARK [2][-]{subsection.3.4}{药品的取用}{section.3}% 28
\BOOKMARK [3][-]{subsubsection.3.4.1}{取用固体药品}{subsection.3.4}% 29
\BOOKMARK [3][-]{subsubsection.3.4.2}{取用液体药品}{subsection.3.4}% 30
\BOOKMARK [3][-]{subsubsection.3.4.3}{取用气体}{subsection.3.4}% 31
\BOOKMARK [2][-]{subsection.3.5}{配置溶液}{section.3}% 32
\BOOKMARK [3][-]{subsubsection.3.5.1}{固体物质的溶解}{subsection.3.5}% 33
\BOOKMARK [3][-]{subsubsection.3.5.2}{液体物质的溶解}{subsection.3.5}% 34
\BOOKMARK [3][-]{subsubsection.3.5.3}{气体的溶解}{subsection.3.5}% 35
\BOOKMARK [2][-]{subsection.3.6}{物质加热}{section.3}% 36
\BOOKMARK [3][-]{subsubsection.3.6.1}{固体的加热}{subsection.3.6}% 37
\BOOKMARK [3][-]{subsubsection.3.6.2}{液体的加热}{subsection.3.6}% 38
\BOOKMARK [2][-]{subsection.3.7}{测定}{section.3}% 39
\BOOKMARK [3][-]{subsubsection.3.7.1}{酸碱中和或氧化还原滴定}{subsection.3.7}% 40
\BOOKMARK [3][-]{subsubsection.3.7.2}{中和反应反应热测定}{subsection.3.7}% 41
\BOOKMARK [1][-]{section.4}{实验}{}% 42
\BOOKMARK [2][-]{subsection.4.1}{实验室气体制备}{section.4}% 43
\BOOKMARK [3][-]{subsubsection.4.1.1}{常见气体的发生装置}{subsection.4.1}% 44
\BOOKMARK [3][-]{subsubsection.4.1.2}{常见气体的制备}{subsection.4.1}% 45
\BOOKMARK [3][-]{subsubsection.4.1.3}{常见气体的除杂装置}{subsection.4.1}% 46
\BOOKMARK [2][-]{subsection.4.2}{装置选取}{section.4}% 47
\BOOKMARK [2][-]{subsection.4.3}{实验现象}{section.4}% 48
\BOOKMARK [2][-]{subsection.4.4}{收集}{section.4}% 49
\BOOKMARK [2][-]{subsection.4.5}{性质探究与验证}{section.4}% 50
\BOOKMARK [2][-]{subsection.4.6}{事故预防}{section.4}% 51
\BOOKMARK [1][-]{section.5}{物质的检验}{}% 52
\BOOKMARK [2][-]{subsection.5.1}{离子检验}{section.5}% 53
\BOOKMARK [3][-]{subsubsection.5.1.1}{焰色反应}{subsection.5.1}% 54
\BOOKMARK [2][-]{subsection.5.2}{气体检验}{section.5}% 55
\BOOKMARK [2][-]{subsection.5.3}{官能团检验}{section.5}% 56
\BOOKMARK [1][-]{section.6}{物质分离提纯}{}% 57
\BOOKMARK [2][-]{subsection.6.1}{物理法}{section.6}% 58
\BOOKMARK [3][-]{subsubsection.6.1.1}{过滤}{subsection.6.1}% 59
\BOOKMARK [3][-]{subsubsection.6.1.2}{}{subsection.6.1}% 60
\BOOKMARK [3][-]{subsubsection.6.1.3}{结晶}{subsection.6.1}% 61
\BOOKMARK [3][-]{subsubsection.6.1.4}{蒸馏}{subsection.6.1}% 62
\BOOKMARK [3][-]{subsubsection.6.1.5}{萃取分液}{subsection.6.1}% 63
\BOOKMARK [3][-]{subsubsection.6.1.6}{升华}{subsection.6.1}% 64
\BOOKMARK [3][-]{subsubsection.6.1.7}{渗析}{subsection.6.1}% 65
\BOOKMARK [2][-]{subsection.6.2}{化学法}{section.6}% 66
\BOOKMARK [3][-]{subsubsection.6.2.1}{常见混合物气体除杂}{subsection.6.2}% 67
\BOOKMARK [3][-]{subsubsection.6.2.2}{常见混合物固体除杂}{subsection.6.2}% 68
\BOOKMARK [3][-]{subsubsection.6.2.3}{常见混合物溶液除杂}{subsection.6.2}% 69
\BOOKMARK [3][-]{subsubsection.6.2.4}{沉淀法}{subsection.6.2}% 70
\BOOKMARK [3][-]{subsubsection.6.2.5}{气化法}{subsection.6.2}% 71
\BOOKMARK [3][-]{subsubsection.6.2.6}{杂质转换法}{subsection.6.2}% 72
\BOOKMARK [3][-]{subsubsection.6.2.7}{酸碱溶解法}{subsection.6.2}% 73
\BOOKMARK [3][-]{subsubsection.6.2.8}{氧化还原法}{subsection.6.2}% 74
\BOOKMARK [3][-]{subsubsection.6.2.9}{加热分解法}{subsection.6.2}% 75
\BOOKMARK [3][-]{subsubsection.6.2.10}{调节pH法}{subsection.6.2}% 76
\BOOKMARK [3][-]{subsubsection.6.2.11}{电解法}{subsection.6.2}% 77
