\BOOKMARK [1][-]{section.1}{Na}{}% 1
\BOOKMARK [2][-]{subsection.1.1}{Na单质}{section.1}% 2
\BOOKMARK [3][-]{subsubsection.1.1.1}{物理性质}{subsection.1.1}% 3
\BOOKMARK [3][-]{subsubsection.1.1.2}{化学性质}{subsection.1.1}% 4
\BOOKMARK [3][-]{subsubsection.1.1.3}{钠的制取}{subsection.1.1}% 5
\BOOKMARK [3][-]{subsubsection.1.1.4}{钠的用途}{subsection.1.1}% 6
\BOOKMARK [2][-]{subsection.1.2}{Na的化合物}{section.1}% 7
\BOOKMARK [3][-]{subsubsection.1.2.1}{氧化钠和过氧化钠}{subsection.1.2}% 8
\BOOKMARK [3][-]{subsubsection.1.2.2}{碳酸钠和碳酸氢钠}{subsection.1.2}% 9
\BOOKMARK [1][-]{section.2}{Mg和Al}{}% 10
\BOOKMARK [2][-]{subsection.2.1}{Mg单质和Al单质}{section.2}% 11
\BOOKMARK [3][-]{subsubsection.2.1.1}{化学性质}{subsection.2.1}% 12
\BOOKMARK [3][-]{subsubsection.2.1.2}{制备}{subsection.2.1}% 13
\BOOKMARK [2][-]{subsection.2.2}{铝、氧化铝和氢氧化铝的两性}{section.2}% 14
\BOOKMARK [2][-]{subsection.2.3}{铝离子和偏铝酸根}{section.2}% 15
\BOOKMARK [3][-]{subsubsection.2.3.1}{铝离子}{subsection.2.3}% 16
\BOOKMARK [3][-]{subsubsection.2.3.2}{偏铝酸根}{subsection.2.3}% 17
\BOOKMARK [2][-]{subsection.2.4}{氢氧化铝}{section.2}% 18
\BOOKMARK [3][-]{subsubsection.2.4.1}{制备}{subsection.2.4}% 19
\BOOKMARK [2][-]{subsection.2.5}{总结}{section.2}% 20
\BOOKMARK [1][-]{section.3}{Fe}{}% 21
\BOOKMARK [2][-]{subsection.3.1}{铁单质}{section.3}% 22
\BOOKMARK [3][-]{subsubsection.3.1.1}{物理性质}{subsection.3.1}% 23
\BOOKMARK [3][-]{subsubsection.3.1.2}{化学性质}{subsection.3.1}% 24
\BOOKMARK [2][-]{subsection.3.2}{铁的氧化物}{section.3}% 25
\BOOKMARK [2][-]{subsection.3.3}{铁的水化物}{section.3}% 26
\BOOKMARK [3][-]{subsubsection.3.3.1}{比较Fe\(OH\)2和Fe\(OH\)3}{subsection.3.3}% 27
\BOOKMARK [3][-]{subsubsection.3.3.2}{Fe\(OH\)2和Fe\(OH\)3的转化}{subsection.3.3}% 28
\BOOKMARK [2][-]{subsection.3.4}{铁三角（铁、亚铁盐、铁盐）}{section.3}% 29
\BOOKMARK [1][-]{section.4}{Si}{}% 30
\BOOKMARK [2][-]{subsection.4.1}{硅单质}{section.4}% 31
\BOOKMARK [3][-]{subsubsection.4.1.1}{物理性质}{subsection.4.1}% 32
\BOOKMARK [3][-]{subsubsection.4.1.2}{化学性质}{subsection.4.1}% 33
\BOOKMARK [2][-]{subsection.4.2}{硅的氧化物}{section.4}% 34
\BOOKMARK [3][-]{subsubsection.4.2.1}{物理性质}{subsection.4.2}% 35
\BOOKMARK [3][-]{subsubsection.4.2.2}{化学性质}{subsection.4.2}% 36
\BOOKMARK [2][-]{subsection.4.3}{硅的水化物（硅酸、原硅酸）}{section.4}% 37
\BOOKMARK [3][-]{subsubsection.4.3.1}{物理性质}{subsection.4.3}% 38
\BOOKMARK [3][-]{subsubsection.4.3.2}{化学性质}{subsection.4.3}% 39
\BOOKMARK [2][-]{subsection.4.4}{硅酸盐}{section.4}% 40
\BOOKMARK [3][-]{subsubsection.4.4.1}{物理性质}{subsection.4.4}% 41
\BOOKMARK [3][-]{subsubsection.4.4.2}{化学性质}{subsection.4.4}% 42
\BOOKMARK [3][-]{subsubsection.4.4.3}{硅酸盐的拆分}{subsection.4.4}% 43
\BOOKMARK [2][-]{subsection.4.5}{用途与俗称}{section.4}% 44
\BOOKMARK [3][-]{subsubsection.4.5.1}{用途}{subsection.4.5}% 45
\BOOKMARK [3][-]{subsubsection.4.5.2}{俗称}{subsection.4.5}% 46
\BOOKMARK [1][-]{section.5}{Cl}{}% 47
\BOOKMARK [2][-]{subsection.5.1}{盐酸}{section.5}% 48
\BOOKMARK [3][-]{subsubsection.5.1.1}{物理性质}{subsection.5.1}% 49
\BOOKMARK [3][-]{subsubsection.5.1.2}{化学性质}{subsection.5.1}% 50
\BOOKMARK [3][-]{subsubsection.5.1.3}{制备}{subsection.5.1}% 51
\BOOKMARK [2][-]{subsection.5.2}{氯气}{section.5}% 52
\BOOKMARK [2][-]{subsection.5.3}{次氯酸}{section.5}% 53
\BOOKMARK [2][-]{subsection.5.4}{含氯酸盐}{section.5}% 54
\BOOKMARK [1][-]{section.6}{S}{}% 55
\BOOKMARK [2][-]{subsection.6.1}{硫化氢}{section.6}% 56
\BOOKMARK [2][-]{subsection.6.2}{硫单质}{section.6}% 57
\BOOKMARK [2][-]{subsection.6.3}{硫的氧化物}{section.6}% 58
\BOOKMARK [2][-]{subsection.6.4}{亚硫酸}{section.6}% 59
\BOOKMARK [2][-]{subsection.6.5}{硫酸}{section.6}% 60
\BOOKMARK [2][-]{subsection.6.6}{含硫酸盐}{section.6}% 61
\BOOKMARK [1][-]{section.7}{N}{}% 62
\BOOKMARK [2][-]{subsection.7.1}{氨气}{section.7}% 63
\BOOKMARK [2][-]{subsection.7.2}{氮气}{section.7}% 64
\BOOKMARK [2][-]{subsection.7.3}{氮的氧化物}{section.7}% 65
\BOOKMARK [2][-]{subsection.7.4}{硝酸}{section.7}% 66
\BOOKMARK [2][-]{subsection.7.5}{硝酸盐}{section.7}% 67
