\BOOKMARK [2][-]{subsection.0.1}{金属活动顺序表}{}% 1
\BOOKMARK [2][-]{subsection.0.2}{氧化性顺序}{}% 2
\BOOKMARK [2][-]{subsection.0.3}{元素氧化图解}{}% 3
\BOOKMARK [1][-]{section.1}{Na}{}% 4
\BOOKMARK [2][-]{subsection.1.1}{Na单质}{section.1}% 5
\BOOKMARK [3][-]{subsubsection.1.1.1}{物理性质}{subsection.1.1}% 6
\BOOKMARK [3][-]{subsubsection.1.1.2}{化学性质}{subsection.1.1}% 7
\BOOKMARK [3][-]{subsubsection.1.1.3}{钠的制取}{subsection.1.1}% 8
\BOOKMARK [3][-]{subsubsection.1.1.4}{钠的用途}{subsection.1.1}% 9
\BOOKMARK [3][-]{subsubsection.1.1.5}{焰色反应}{subsection.1.1}% 10
\BOOKMARK [2][-]{subsection.1.2}{Na的化合物}{section.1}% 11
\BOOKMARK [3][-]{subsubsection.1.2.1}{氧化钠和过氧化钠}{subsection.1.2}% 12
\BOOKMARK [3][-]{subsubsection.1.2.2}{碳酸钠和碳酸氢钠}{subsection.1.2}% 13
\BOOKMARK [1][-]{section.2}{Mg和Al}{}% 14
\BOOKMARK [2][-]{subsection.2.1}{Mg单质和Al单质}{section.2}% 15
\BOOKMARK [3][-]{subsubsection.2.1.1}{化学性质}{subsection.2.1}% 16
\BOOKMARK [3][-]{subsubsection.2.1.2}{制备}{subsection.2.1}% 17
\BOOKMARK [2][-]{subsection.2.2}{铝、氧化铝和氢氧化铝的两性}{section.2}% 18
\BOOKMARK [2][-]{subsection.2.3}{铝离子和偏铝酸根}{section.2}% 19
\BOOKMARK [3][-]{subsubsection.2.3.1}{铝离子}{subsection.2.3}% 20
\BOOKMARK [3][-]{subsubsection.2.3.2}{偏铝酸根}{subsection.2.3}% 21
\BOOKMARK [2][-]{subsection.2.4}{氢氧化铝}{section.2}% 22
\BOOKMARK [3][-]{subsubsection.2.4.1}{物理性质}{subsection.2.4}% 23
\BOOKMARK [3][-]{subsubsection.2.4.2}{制备}{subsection.2.4}% 24
\BOOKMARK [2][-]{subsection.2.5}{总结}{section.2}% 25
\BOOKMARK [1][-]{section.3}{Fe}{}% 26
\BOOKMARK [2][-]{subsection.3.1}{铁单质}{section.3}% 27
\BOOKMARK [3][-]{subsubsection.3.1.1}{物理性质}{subsection.3.1}% 28
\BOOKMARK [3][-]{subsubsection.3.1.2}{化学性质}{subsection.3.1}% 29
\BOOKMARK [2][-]{subsection.3.2}{铁的氧化物}{section.3}% 30
\BOOKMARK [2][-]{subsection.3.3}{铁的水化物}{section.3}% 31
\BOOKMARK [3][-]{subsubsection.3.3.1}{比较Fe\(OH\)2和Fe\(OH\)3}{subsection.3.3}% 32
\BOOKMARK [3][-]{subsubsection.3.3.2}{Fe\(OH\)2和Fe\(OH\)3的转化}{subsection.3.3}% 33
\BOOKMARK [2][-]{subsection.3.4}{铁三角（铁、亚铁盐、铁盐）}{section.3}% 34
\BOOKMARK [1][-]{section.4}{Si}{}% 35
\BOOKMARK [2][-]{subsection.4.1}{硅单质}{section.4}% 36
\BOOKMARK [3][-]{subsubsection.4.1.1}{物理性质}{subsection.4.1}% 37
\BOOKMARK [3][-]{subsubsection.4.1.2}{化学性质}{subsection.4.1}% 38
\BOOKMARK [2][-]{subsection.4.2}{硅的氧化物}{section.4}% 39
\BOOKMARK [3][-]{subsubsection.4.2.1}{物理性质}{subsection.4.2}% 40
\BOOKMARK [3][-]{subsubsection.4.2.2}{化学性质}{subsection.4.2}% 41
\BOOKMARK [2][-]{subsection.4.3}{硅的水化物（硅酸、原硅酸）}{section.4}% 42
\BOOKMARK [3][-]{subsubsection.4.3.1}{物理性质}{subsection.4.3}% 43
\BOOKMARK [3][-]{subsubsection.4.3.2}{化学性质}{subsection.4.3}% 44
\BOOKMARK [3][-]{subsubsection.4.3.3}{制备}{subsection.4.3}% 45
\BOOKMARK [2][-]{subsection.4.4}{硅酸盐}{section.4}% 46
\BOOKMARK [3][-]{subsubsection.4.4.1}{物理性质}{subsection.4.4}% 47
\BOOKMARK [3][-]{subsubsection.4.4.2}{化学性质}{subsection.4.4}% 48
\BOOKMARK [3][-]{subsubsection.4.4.3}{硅酸盐的拆分}{subsection.4.4}% 49
\BOOKMARK [2][-]{subsection.4.5}{用途与俗称}{section.4}% 50
\BOOKMARK [3][-]{subsubsection.4.5.1}{用途}{subsection.4.5}% 51
\BOOKMARK [3][-]{subsubsection.4.5.2}{俗称}{subsection.4.5}% 52
\BOOKMARK [1][-]{section.5}{Cl}{}% 53
\BOOKMARK [2][-]{subsubsection.5.0.1}{含氯酸}{section.5}% 54
\BOOKMARK [3][-]{subsubsection.5.0.2}{卤素}{subsubsection.5.0.1}% 55
\BOOKMARK [2][-]{subsection.5.1}{盐酸}{section.5}% 56
\BOOKMARK [3][-]{subsubsection.5.1.1}{物理性质}{subsection.5.1}% 57
\BOOKMARK [3][-]{subsubsection.5.1.2}{化学性质}{subsection.5.1}% 58
\BOOKMARK [3][-]{subsubsection.5.1.3}{制备}{subsection.5.1}% 59
\BOOKMARK [2][-]{subsection.5.2}{氯气}{section.5}% 60
\BOOKMARK [3][-]{subsubsection.5.2.1}{物理性质}{subsection.5.2}% 61
\BOOKMARK [3][-]{subsubsection.5.2.2}{化学性质}{subsection.5.2}% 62
\BOOKMARK [3][-]{subsubsection.5.2.3}{制备}{subsection.5.2}% 63
\BOOKMARK [3][-]{subsubsection.5.2.4}{除杂}{subsection.5.2}% 64
\BOOKMARK [3][-]{subsubsection.5.2.5}{氯水}{subsection.5.2}% 65
\BOOKMARK [3][-]{subsubsection.5.2.6}{鉴别}{subsection.5.2}% 66
\BOOKMARK [2][-]{subsection.5.3}{次氯酸}{section.5}% 67
\BOOKMARK [3][-]{subsubsection.5.3.1}{化学性质}{subsection.5.3}% 68
\BOOKMARK [2][-]{subsection.5.4}{含氯酸盐}{section.5}% 69
\BOOKMARK [3][-]{subsubsection.5.4.1}{NaClO}{subsection.5.4}% 70
\BOOKMARK [3][-]{subsubsection.5.4.2}{Ca\(ClO\)2}{subsection.5.4}% 71
\BOOKMARK [3][-]{subsubsection.5.4.3}{Cl2逐渐通入FeI2和FeBr2混合溶液}{subsection.5.4}% 72
\BOOKMARK [3][-]{subsubsection.5.4.4}{Cl2逐渐通入Na2CO溶液}{subsection.5.4}% 73
\BOOKMARK [1][-]{section.6}{S}{}% 74
\BOOKMARK [2][-]{subsection.6.1}{硫化氢}{section.6}% 75
\BOOKMARK [3][-]{subsubsection.6.1.1}{物理性质}{subsection.6.1}% 76
\BOOKMARK [3][-]{subsubsection.6.1.2}{化学性质}{subsection.6.1}% 77
\BOOKMARK [3][-]{subsubsection.6.1.3}{制备}{subsection.6.1}% 78
\BOOKMARK [2][-]{subsection.6.2}{硫单质}{section.6}% 79
\BOOKMARK [3][-]{subsubsection.6.2.1}{物理性质}{subsection.6.2}% 80
\BOOKMARK [3][-]{subsubsection.6.2.2}{化学性质}{subsection.6.2}% 81
\BOOKMARK [2][-]{subsection.6.3}{二氧化硫}{section.6}% 82
\BOOKMARK [3][-]{subsubsection.6.3.1}{物理性质}{subsection.6.3}% 83
\BOOKMARK [3][-]{subsubsection.6.3.2}{化学性质}{subsection.6.3}% 84
\BOOKMARK [3][-]{subsubsection.6.3.3}{硫酸型酸雨}{subsection.6.3}% 85
\BOOKMARK [3][-]{subsubsection.6.3.4}{除杂}{subsection.6.3}% 86
\BOOKMARK [3][-]{subsubsection.6.3.5}{制备}{subsection.6.3}% 87
\BOOKMARK [2][-]{subsection.6.4}{三氧化硫}{section.6}% 88
\BOOKMARK [3][-]{subsubsection.6.4.1}{物理性质}{subsection.6.4}% 89
\BOOKMARK [3][-]{subsubsection.6.4.2}{化学性质}{subsection.6.4}% 90
\BOOKMARK [3][-]{subsubsection.6.4.3}{除杂}{subsection.6.4}% 91
\BOOKMARK [2][-]{subsection.6.5}{亚硫酸}{section.6}% 92
\BOOKMARK [3][-]{subsubsection.6.5.1}{化学性质}{subsection.6.5}% 93
\BOOKMARK [2][-]{subsection.6.6}{硫酸}{section.6}% 94
\BOOKMARK [3][-]{subsubsection.6.6.1}{物理性质}{subsection.6.6}% 95
\BOOKMARK [3][-]{subsubsection.6.6.2}{化学性质}{subsection.6.6}% 96
\BOOKMARK [3][-]{subsubsection.6.6.3}{制备}{subsection.6.6}% 97
\BOOKMARK [2][-]{subsection.6.7}{含硫酸盐}{section.6}% 98
\BOOKMARK [3][-]{subsubsection.6.7.1}{FeSO4}{subsection.6.7}% 99
\BOOKMARK [3][-]{subsubsection.6.7.2}{CuSO4}{subsection.6.7}% 100
\BOOKMARK [3][-]{subsubsection.6.7.3}{Na2S2O3}{subsection.6.7}% 101
\BOOKMARK [1][-]{section.7}{N}{}% 102
\BOOKMARK [2][-]{subsection.7.1}{氨气}{section.7}% 103
\BOOKMARK [3][-]{subsubsection.7.1.1}{物理性质}{subsection.7.1}% 104
\BOOKMARK [3][-]{subsubsection.7.1.2}{尾气处理防倒吸}{subsection.7.1}% 105
\BOOKMARK [3][-]{subsubsection.7.1.3}{喷泉实验}{subsection.7.1}% 106
\BOOKMARK [3][-]{subsubsection.7.1.4}{化学性质}{subsection.7.1}% 107
\BOOKMARK [3][-]{subsubsection.7.1.5}{检验与验满}{subsection.7.1}% 108
\BOOKMARK [3][-]{subsubsection.7.1.6}{制备}{subsection.7.1}% 109
\BOOKMARK [3][-]{subsubsection.7.1.7}{用途}{subsection.7.1}% 110
\BOOKMARK [2][-]{subsection.7.2}{氮气}{section.7}% 111
\BOOKMARK [3][-]{subsubsection.7.2.1}{物理性质}{subsection.7.2}% 112
\BOOKMARK [3][-]{subsubsection.7.2.2}{化学性质}{subsection.7.2}% 113
\BOOKMARK [3][-]{subsubsection.7.2.3}{制备}{subsection.7.2}% 114
\BOOKMARK [2][-]{subsection.7.3}{氮的氧化物}{section.7}% 115
\BOOKMARK [3][-]{subsubsection.7.3.1}{物理性质}{subsection.7.3}% 116
\BOOKMARK [3][-]{subsubsection.7.3.2}{化学性质}{subsection.7.3}% 117
\BOOKMARK [3][-]{subsubsection.7.3.3}{酸酐}{subsection.7.3}% 118
\BOOKMARK [2][-]{subsection.7.4}{硝酸}{section.7}% 119
\BOOKMARK [3][-]{subsubsection.7.4.1}{物理性质}{subsection.7.4}% 120
\BOOKMARK [3][-]{subsubsection.7.4.2}{化学性质}{subsection.7.4}% 121
\BOOKMARK [3][-]{subsubsection.7.4.3}{制备}{subsection.7.4}% 122
\BOOKMARK [3][-]{subsubsection.7.4.4}{固氮}{subsection.7.4}% 123
\BOOKMARK [2][-]{subsection.7.5}{盐}{section.7}% 124
\BOOKMARK [3][-]{subsubsection.7.5.1}{硝酸盐分解规律}{subsection.7.5}% 125
\BOOKMARK [3][-]{subsubsection.7.5.2}{铵盐分解规律}{subsection.7.5}% 126
