\BOOKMARK [1][-]{section.1}{基本仪器}{}% 1
\BOOKMARK [2][-]{subsection.1.1}{容器}{section.1}% 2
\BOOKMARK [2][-]{subsection.1.2}{量器}{section.1}% 3
\BOOKMARK [3][-]{subsubsection.1.2.1}{温度计}{subsection.1.2}% 4
\BOOKMARK [3][-]{subsubsection.1.2.2}{容量瓶}{subsection.1.2}% 5
\BOOKMARK [3][-]{subsubsection.1.2.3}{滴定管}{subsection.1.2}% 6
\BOOKMARK [2][-]{subsection.1.3}{分离仪器}{section.1}% 7
\BOOKMARK [3][-]{subsubsection.1.3.1}{干燥管}{subsection.1.3}% 8
\BOOKMARK [2][-]{subsection.1.4}{热源}{section.1}% 9
\BOOKMARK [2][-]{subsection.1.5}{其他}{section.1}% 10
\BOOKMARK [3][-]{subsubsection.1.5.1}{冷凝管}{subsection.1.5}% 11
\BOOKMARK [3][-]{subsubsection.1.5.2}{启普发生器}{subsection.1.5}% 12
\BOOKMARK [2][-]{subsection.1.6}{总结}{section.1}% 13
\BOOKMARK [3][-]{subsubsection.1.6.1}{需要验漏的仪器}{subsection.1.6}% 14
\BOOKMARK [3][-]{subsubsection.1.6.2}{需要标注规格的仪器}{subsection.1.6}% 15
\BOOKMARK [1][-]{section.2}{药品}{}% 16
\BOOKMARK [2][-]{subsection.2.1}{保存}{section.2}% 17
\BOOKMARK [3][-]{subsubsection.2.1.1}{试剂瓶的选择}{subsection.2.1}% 18
\BOOKMARK [2][-]{subsection.2.2}{危险标志}{section.2}% 19
\BOOKMARK [1][-]{section.3}{基本操作}{}% 20
\BOOKMARK [2][-]{subsection.3.1}{仪器的洗涤}{section.3}% 21
\BOOKMARK [2][-]{subsection.3.2}{试纸的使用}{section.3}% 22
\BOOKMARK [2][-]{subsection.3.3}{药品的取用}{section.3}% 23
\BOOKMARK [2][-]{subsection.3.4}{配制溶液}{section.3}% 24
\BOOKMARK [2][-]{subsection.3.5}{测定}{section.3}% 25
\BOOKMARK [3][-]{subsubsection.3.5.1}{酸碱中和或氧化还原滴定}{subsection.3.5}% 26
\BOOKMARK [3][-]{subsubsection.3.5.2}{中和反应反应热测定}{subsection.3.5}% 27
\BOOKMARK [1][-]{section.4}{实验}{}% 28
\BOOKMARK [2][-]{subsection.4.1}{Checklist}{section.4}% 29
\BOOKMARK [2][-]{subsection.4.2}{装置选取}{section.4}% 30
\BOOKMARK [2][-]{subsection.4.3}{实验现象}{section.4}% 31
\BOOKMARK [2][-]{subsection.4.4}{收集}{section.4}% 32
\BOOKMARK [2][-]{subsection.4.5}{性质探究与验证}{section.4}% 33
\BOOKMARK [2][-]{subsection.4.6}{尾气处理}{section.4}% 34
\BOOKMARK [2][-]{subsection.4.7}{事故处理}{section.4}% 35
\BOOKMARK [1][-]{section.5}{物质的检验}{}% 36
\BOOKMARK [2][-]{subsection.5.1}{离子检验}{section.5}% 37
\BOOKMARK [3][-]{subsubsection.5.1.1}{焰色反应}{subsection.5.1}% 38
\BOOKMARK [2][-]{subsection.5.2}{气体检验}{section.5}% 39
\BOOKMARK [2][-]{subsection.5.3}{官能团检验}{section.5}% 40
\BOOKMARK [1][-]{section.6}{物质分离提纯}{}% 41
\BOOKMARK [2][-]{subsection.6.1}{物理法}{section.6}% 42
\BOOKMARK [3][-]{subsubsection.6.1.1}{分液萃取}{subsection.6.1}% 43
\BOOKMARK [3][-]{subsubsection.6.1.2}{过滤}{subsection.6.1}% 44
\BOOKMARK [3][-]{subsubsection.6.1.3}{蒸发和结晶}{subsection.6.1}% 45
\BOOKMARK [3][-]{subsubsection.6.1.4}{蒸馏}{subsection.6.1}% 46
\BOOKMARK [3][-]{subsubsection.6.1.5}{升华}{subsection.6.1}% 47
\BOOKMARK [3][-]{subsubsection.6.1.6}{渗析}{subsection.6.1}% 48
\BOOKMARK [2][-]{subsection.6.2}{化学法}{section.6}% 49
\BOOKMARK [3][-]{subsubsection.6.2.1}{沉淀法}{subsection.6.2}% 50
\BOOKMARK [3][-]{subsubsection.6.2.2}{氧化还原法}{subsection.6.2}% 51
\BOOKMARK [3][-]{subsubsection.6.2.3}{加热分解法}{subsection.6.2}% 52
