\BOOKMARK [1][-]{section.1}{原子结构}{}% 1
\BOOKMARK [2][-]{subsection.1.1}{发现史}{section.1}% 2
\BOOKMARK [2][-]{subsection.1.2}{能层和能级}{section.1}% 3
\BOOKMARK [2][-]{subsection.1.3}{四个量子数}{section.1}% 4
\BOOKMARK [3][-]{subsubsection.1.3.1}{主量子数}{subsection.1.3}% 5
\BOOKMARK [3][-]{subsubsection.1.3.2}{角量子数}{subsection.1.3}% 6
\BOOKMARK [3][-]{subsubsection.1.3.3}{磁量子数}{subsection.1.3}% 7
\BOOKMARK [3][-]{subsubsection.1.3.4}{自旋量子数}{subsection.1.3}% 8
\BOOKMARK [2][-]{subsection.1.4}{电子、价电子排布式和轨道表达式}{section.1}% 9
\BOOKMARK [2][-]{subsection.1.5}{徐光宪规则}{section.1}% 10
\BOOKMARK [2][-]{subsection.1.6}{电子排布原理}{section.1}% 11
\BOOKMARK [3][-]{subsubsection.1.6.1}{能量最低原理}{subsection.1.6}% 12
\BOOKMARK [3][-]{subsubsection.1.6.2}{泡利不相容原理}{subsection.1.6}% 13
\BOOKMARK [3][-]{subsubsection.1.6.3}{洪特规则}{subsection.1.6}% 14
\BOOKMARK [3][-]{subsubsection.1.6.4}{构造原理}{subsection.1.6}% 15
\BOOKMARK [2][-]{subsection.1.7}{电子跃迁}{section.1}% 16
\BOOKMARK [1][-]{section.2}{元素的性质}{}% 17
\BOOKMARK [2][-]{subsection.2.1}{元素周期表}{section.2}% 18
\BOOKMARK [2][-]{subsection.2.2}{电负性}{section.2}% 19
\BOOKMARK [2][-]{subsection.2.3}{电子亲和能}{section.2}% 20
\BOOKMARK [2][-]{subsection.2.4}{电离能}{section.2}% 21
\BOOKMARK [2][-]{subsection.2.5}{对角线规则}{section.2}% 22
\BOOKMARK [1][-]{section.3}{化学键}{}% 23
\BOOKMARK [2][-]{subsection.3.1}{分类}{section.3}% 24
\BOOKMARK [2][-]{subsection.3.2}{共价键的形成}{section.3}% 25
\BOOKMARK [2][-]{subsection.3.3}{键参数}{section.3}% 26
\BOOKMARK [2][-]{subsection.3.4}{配合物}{section.3}% 27
\BOOKMARK [1][-]{section.4}{分子结构}{}% 28
\BOOKMARK [2][-]{subsection.4.1}{Lewis结构式}{section.4}% 29
\BOOKMARK [2][-]{subsection.4.2}{中心原子轨道杂化理论}{section.4}% 30
\BOOKMARK [2][-]{subsection.4.3}{VSPER构型}{section.4}% 31
\BOOKMARK [2][-]{subsection.4.4}{立体构型}{section.4}% 32
\BOOKMARK [1][-]{section.5}{分子的性质}{}% 33
\BOOKMARK [2][-]{subsection.5.1}{分子极性}{section.5}% 34
\BOOKMARK [2][-]{subsection.5.2}{分子手性}{section.5}% 35
\BOOKMARK [2][-]{subsection.5.3}{氢键}{section.5}% 36
\BOOKMARK [1][-]{section.6}{晶体结构}{}% 37
\BOOKMARK [2][-]{subsection.6.1}{晶体}{section.6}% 38
\BOOKMARK [3][-]{subsubsection.6.1.1}{定义}{subsection.6.1}% 39
\BOOKMARK [3][-]{subsubsection.6.1.2}{鉴别}{subsection.6.1}% 40
\BOOKMARK [3][-]{subsubsection.6.1.3}{获取}{subsection.6.1}% 41
\BOOKMARK [2][-]{subsection.6.2}{原子晶体}{section.6}% 42
\BOOKMARK [2][-]{subsection.6.3}{分子晶体}{section.6}% 43
\BOOKMARK [2][-]{subsection.6.4}{离子晶体}{section.6}% 44
\BOOKMARK [3][-]{subsubsection.6.4.1}{晶格能}{subsection.6.4}% 45
\BOOKMARK [3][-]{subsubsection.6.4.2}{金属晶体}{subsection.6.4}% 46
\BOOKMARK [1][-]{section.7}{晶体的性质以及计算}{}% 47
\BOOKMARK [2][-]{subsection.7.1}{熔沸点比较}{section.7}% 48
\BOOKMARK [3][-]{subsubsection.7.1.1}{不同类型晶体}{subsection.7.1}% 49
\BOOKMARK [3][-]{subsubsection.7.1.2}{相同类型晶体}{subsection.7.1}% 50
\BOOKMARK [2][-]{subsection.7.2}{晶体计算}{section.7}% 51
\BOOKMARK [3][-]{subsubsection.7.2.1}{晶胞的组成}{subsection.7.2}% 52
\BOOKMARK [3][-]{subsubsection.7.2.2}{晶体微粒个数}{subsection.7.2}% 53
