This is XeTeX, Version 3.14159265-2.6-0.999991 (TeX Live 2019) (preloaded format=xelatex 2020.4.4)  12 APR 2020 23:01
entering extended mode
 restricted \write18 enabled.
 file:line:error style messages enabled.
 %&-line parsing enabled.
**元素及其化合物.tex
(./元素及其化合物.tex
LaTeX2e <2020-02-02> patch level 5
L3 programming layer <2020-02-25> (/usr/local/texlive/2019/texmf-dist/tex/latex/base/article.cls
Document Class: article 2019/12/20 v1.4l Standard LaTeX document class
(/usr/local/texlive/2019/texmf-dist/tex/latex/base/size10.clo
File: size10.clo 2019/12/20 v1.4l Standard LaTeX file (size option)
)
\c@part=\count163
\c@section=\count164
\c@subsection=\count165
\c@subsubsection=\count166
\c@paragraph=\count167
\c@subparagraph=\count168
\c@figure=\count169
\c@table=\count170
\abovecaptionskip=\skip47
\belowcaptionskip=\skip48
\bibindent=\dimen134
) (/usr/local/texlive/2019/texmf-dist/tex/xelatex/xecjk/xeCJK.sty (/usr/local/texlive/2019/texmf-dist/tex/latex/l3kernel/expl3.sty
Package: expl3 2020-02-25 L3 programming layer (loader) 
 (/usr/local/texlive/2019/texmf-dist/tex/latex/l3backend/l3backend-xdvipdfmx.def
File: l3backend-xdvipdfmx.def 2020-02-23 L3 backend support: xdvipdfmx
\g__graphics_track_int=\count171
\l__pdf_internal_box=\box45
\g__pdf_backend_object_int=\count172
\g__pdf_backend_annotation_int=\count173
))
Package: xeCJK 2020/02/18 v3.8.2 Typesetting CJK scripts with XeLaTeX
 (/usr/local/texlive/2019/texmf-dist/tex/latex/l3packages/l3keys2e/l3keys2e.sty
Package: l3keys2e 2020-02-25 LaTeX2e option processing using LaTeX3 keys
) (/usr/local/texlive/2019/texmf-dist/tex/latex/l3packages/xtemplate/xtemplate.sty
Package: xtemplate 2020-02-25 L3 Experimental prototype document functions
\l__xtemplate_tmp_dim=\dimen135
\l__xtemplate_tmp_int=\count174
\l__xtemplate_tmp_muskip=\muskip16
\l__xtemplate_tmp_skip=\skip49
) (/usr/local/texlive/2019/texmf-dist/tex/latex/l3packages/xparse/xparse.sty
Package: xparse 2020-02-25 L3 Experimental document command parser
\l__xparse_current_arg_int=\count175
\g__xparse_grabber_int=\count176
\l__xparse_m_args_int=\count177
\l__xparse_v_nesting_int=\count178
)
\l__xeCJK_tmp_int=\count179
\l__xeCJK_tmp_box=\box46
\l__xeCJK_tmp_dim=\dimen136
\l__xeCJK_tmp_skip=\skip50
\g__xeCJK_space_factor_int=\count180
\l__xeCJK_begin_int=\count181
\l__xeCJK_end_int=\count182
\c__xeCJK_CJK_class_int=\XeTeXcharclass1
\c__xeCJK_FullLeft_class_int=\XeTeXcharclass2
\c__xeCJK_FullRight_class_int=\XeTeXcharclass3
\c__xeCJK_HalfLeft_class_int=\XeTeXcharclass4
\c__xeCJK_HalfRight_class_int=\XeTeXcharclass5
\c__xeCJK_NormalSpace_class_int=\XeTeXcharclass6
\c__xeCJK_CM_class_int=\XeTeXcharclass7
\c__xeCJK_HangulJamo_class_int=\XeTeXcharclass8
\l__xeCJK_last_skip=\skip51
\g__xeCJK_node_int=\count183
\c__xeCJK_CJK_node_dim=\dimen137
\c__xeCJK_CJK-space_node_dim=\dimen138
\c__xeCJK_default_node_dim=\dimen139
\c__xeCJK_default-space_node_dim=\dimen140
\c__xeCJK_CJK-widow_node_dim=\dimen141
\c__xeCJK_normalspace_node_dim=\dimen142
\l__xeCJK_ccglue_skip=\skip52
\l__xeCJK_ecglue_skip=\skip53
\l__xeCJK_punct_kern_skip=\skip54
\l__xeCJK_last_penalty_int=\count184
\l__xeCJK_last_bound_dim=\dimen143
\l__xeCJK_last_kern_dim=\dimen144
\l__xeCJK_widow_penalty_int=\count185

Package xtemplate Info: Declaring object type 'xeCJK/punctuation' taking 0
(xtemplate)             argument(s) on line 2302.

\l__xeCJK_fixed_punct_width_dim=\dimen145
\l__xeCJK_mixed_punct_width_dim=\dimen146
\l__xeCJK_middle_punct_width_dim=\dimen147
\l__xeCJK_fixed_margin_width_dim=\dimen148
\l__xeCJK_mixed_margin_width_dim=\dimen149
\l__xeCJK_middle_margin_width_dim=\dimen150
\l__xeCJK_bound_punct_width_dim=\dimen151
\l__xeCJK_bound_margin_width_dim=\dimen152
\l__xeCJK_margin_minimum_dim=\dimen153
\l__xeCJK_kerning_total_width_dim=\dimen154
\l__xeCJK_same_align_margin_dim=\dimen155
\l__xeCJK_different_align_margin_dim=\dimen156
\l__xeCJK_kerning_margin_width_dim=\dimen157
\l__xeCJK_kerning_margin_minimum_dim=\dimen158
\l__xeCJK_bound_dim=\dimen159
\l__xeCJK_reverse_bound_dim=\dimen160
\l__xeCJK_margin_dim=\dimen161
\l__xeCJK_minimum_bound_dim=\dimen162
\l__xeCJK_kerning_margin_dim=\dimen163
\g__xeCJK_family_int=\count186
\l__xeCJK_fam_int=\count187
\g__xeCJK_fam_allocation_int=\count188
\l__xeCJK_verb_case_int=\count189
\l__xeCJK_verb_exspace_skip=\skip55
 (/usr/local/texlive/2019/texmf-dist/tex/latex/fontspec/fontspec.sty
Package: fontspec 2020/02/21 v2.7i Font selection for XeLaTeX and LuaLaTeX
 (/usr/local/texlive/2019/texmf-dist/tex/latex/fontspec/fontspec-xetex.sty
Package: fontspec-xetex 2020/02/21 v2.7i Font selection for XeLaTeX and LuaLaTeX
\l__fontspec_script_int=\count190
\l__fontspec_language_int=\count191
\l__fontspec_strnum_int=\count192
\l__fontspec_tmp_int=\count193
\l__fontspec_tmpa_int=\count194
\l__fontspec_tmpb_int=\count195
\l__fontspec_tmpc_int=\count196
\l__fontspec_em_int=\count197
\l__fontspec_emdef_int=\count198
\l__fontspec_strong_int=\count199
\l__fontspec_strongdef_int=\count266
\l__fontspec_tmpa_dim=\dimen164
\l__fontspec_tmpb_dim=\dimen165
\l__fontspec_tmpc_dim=\dimen166
 (/usr/local/texlive/2019/texmf-dist/tex/latex/base/fontenc.sty
Package: fontenc 2020/02/11 v2.0o Standard LaTeX package
) (/usr/local/texlive/2019/texmf-dist/tex/latex/fontspec/fontspec.cfg))) (/usr/local/texlive/2019/texmf-dist/tex/xelatex/xecjk/xeCJK.cfg
File: xeCJK.cfg 2020/02/18 v3.8.2 Configuration file for xeCJK package
)) (/usr/local/texlive/2019/texmf-dist/tex/latex/base/fontenc.sty
Package: fontenc 2020/02/11 v2.0o Standard LaTeX package
) (/usr/local/texlive/2019/texmf-dist/tex/latex/cite/cite.sty
LaTeX Info: Redefining \cite on input line 302.
LaTeX Info: Redefining \nocite on input line 332.
Package: cite 2015/02/27  v 5.5
) (/usr/local/texlive/2019/texmf-dist/tex/latex/natbib/natbib.sty
Package: natbib 2010/09/13 8.31b (PWD, AO)


Package natbib Warning: The `cite' package should not be used
(natbib)                with natbib. Use option `sort' instead.

\bibhang=\skip56
\bibsep=\skip57
LaTeX Info: Redefining \cite on input line 694.
LaTeX Info: Redefining \citenum on input line 708.
\c@NAT@ctr=\count267
) (/usr/local/texlive/2019/texmf-dist/tex/latex/tools/indentfirst.sty
Package: indentfirst 1995/11/23 v1.03 Indent first paragraph (DPC)
) (/usr/local/texlive/2019/texmf-dist/tex/latex/hyperref/hyperref.sty
Package: hyperref 2020/01/14 v7.00d Hypertext links for LaTeX
 (/usr/local/texlive/2019/texmf-dist/tex/generic/ltxcmds/ltxcmds.sty
Package: ltxcmds 2019/12/15 v1.24 LaTeX kernel commands for general use (HO)
) (/usr/local/texlive/2019/texmf-dist/tex/generic/iftex/iftex.sty
Package: iftex 2019/11/07 v1.0c TeX engine tests
) (/usr/local/texlive/2019/texmf-dist/tex/latex/pdftexcmds/pdftexcmds.sty
Package: pdftexcmds 2019/11/24 v0.31 Utility functions of pdfTeX for LuaTeX (HO)
 (/usr/local/texlive/2019/texmf-dist/tex/generic/infwarerr/infwarerr.sty
Package: infwarerr 2019/12/03 v1.5 Providing info/warning/error messages (HO)
)
Package pdftexcmds Info: \pdf@primitive is available.
Package pdftexcmds Info: \pdf@ifprimitive is available.
Package pdftexcmds Info: \pdfdraftmode not found.
) (/usr/local/texlive/2019/texmf-dist/tex/latex/graphics/keyval.sty
Package: keyval 2014/10/28 v1.15 key=value parser (DPC)
\KV@toks@=\toks15
) (/usr/local/texlive/2019/texmf-dist/tex/generic/kvsetkeys/kvsetkeys.sty
Package: kvsetkeys 2019/12/15 v1.18 Key value parser (HO)
) (/usr/local/texlive/2019/texmf-dist/tex/generic/kvdefinekeys/kvdefinekeys.sty
Package: kvdefinekeys 2019-12-19 v1.6 Define keys (HO)
) (/usr/local/texlive/2019/texmf-dist/tex/generic/pdfescape/pdfescape.sty
Package: pdfescape 2019/12/09 v1.15 Implements pdfTeX's escape features (HO)
) (/usr/local/texlive/2019/texmf-dist/tex/latex/hycolor/hycolor.sty
Package: hycolor 2020-01-27 v1.10 Color options for hyperref/bookmark (HO)
) (/usr/local/texlive/2019/texmf-dist/tex/latex/letltxmacro/letltxmacro.sty
Package: letltxmacro 2019/12/03 v1.6 Let assignment for LaTeX macros (HO)
) (/usr/local/texlive/2019/texmf-dist/tex/latex/auxhook/auxhook.sty
Package: auxhook 2019-12-17 v1.6 Hooks for auxiliary files (HO)
) (/usr/local/texlive/2019/texmf-dist/tex/latex/kvoptions/kvoptions.sty
Package: kvoptions 2019/11/29 v3.13 Key value format for package options (HO)
)
\@linkdim=\dimen167
\Hy@linkcounter=\count268
\Hy@pagecounter=\count269
 (/usr/local/texlive/2019/texmf-dist/tex/latex/hyperref/pd1enc.def
File: pd1enc.def 2020/01/14 v7.00d Hyperref: PDFDocEncoding definition (HO)
) (/usr/local/texlive/2019/texmf-dist/tex/generic/intcalc/intcalc.sty
Package: intcalc 2019/12/15 v1.3 Expandable calculations with integers (HO)
) (/usr/local/texlive/2019/texmf-dist/tex/generic/etexcmds/etexcmds.sty
Package: etexcmds 2019/12/15 v1.7 Avoid name clashes with e-TeX commands (HO)
)
\Hy@SavedSpaceFactor=\count270
Package hyperref Info: Hyper figures OFF on input line 4547.
Package hyperref Info: Link nesting OFF on input line 4552.
Package hyperref Info: Hyper index ON on input line 4555.
Package hyperref Info: Plain pages OFF on input line 4562.
Package hyperref Info: Backreferencing OFF on input line 4567.
Package hyperref Info: Implicit mode ON; LaTeX internals redefined.
Package hyperref Info: Bookmarks ON on input line 4800.
\c@Hy@tempcnt=\count271
 (/usr/local/texlive/2019/texmf-dist/tex/latex/url/url.sty
\Urlmuskip=\muskip17
Package: url 2013/09/16  ver 3.4  Verb mode for urls, etc.
)
LaTeX Info: Redefining \url on input line 5159.
\XeTeXLinkMargin=\dimen168
 (/usr/local/texlive/2019/texmf-dist/tex/generic/bitset/bitset.sty
Package: bitset 2019/12/09 v1.3 Handle bit-vector datatype (HO)
 (/usr/local/texlive/2019/texmf-dist/tex/generic/bigintcalc/bigintcalc.sty
Package: bigintcalc 2019/12/15 v1.5 Expandable calculations on big integers (HO)
))
\Fld@menulength=\count272
\Field@Width=\dimen169
\Fld@charsize=\dimen170
Package hyperref Info: Hyper figures OFF on input line 6430.
Package hyperref Info: Link nesting OFF on input line 6435.
Package hyperref Info: Hyper index ON on input line 6438.
Package hyperref Info: backreferencing OFF on input line 6445.
Package hyperref Info: Link coloring OFF on input line 6450.
Package hyperref Info: Link coloring with OCG OFF on input line 6455.
Package hyperref Info: PDF/A mode OFF on input line 6460.
LaTeX Info: Redefining \ref on input line 6500.
LaTeX Info: Redefining \pageref on input line 6504.
 (/usr/local/texlive/2019/texmf-dist/tex/generic/atbegshi/atbegshi.sty
Package: atbegshi 2019/12/05 v1.19 At begin shipout hook (HO)
)
\Hy@abspage=\count273
\c@Item=\count274
\c@Hfootnote=\count275
)
Package hyperref Info: Driver (autodetected): hxetex.
 (/usr/local/texlive/2019/texmf-dist/tex/latex/hyperref/hxetex.def
File: hxetex.def 2020/01/14 v7.00d Hyperref driver for XeTeX
 (/usr/local/texlive/2019/texmf-dist/tex/latex/hyperref/puenc.def
File: puenc.def 2020/01/14 v7.00d Hyperref: PDF Unicode definition (HO)
) (/usr/local/texlive/2019/texmf-dist/tex/generic/stringenc/stringenc.sty
Package: stringenc 2019/11/29 v1.12 Convert strings between diff. encodings (HO)
)
\pdfm@box=\box47
\c@Hy@AnnotLevel=\count276
\HyField@AnnotCount=\count277
\Fld@listcount=\count278
\c@bookmark@seq@number=\count279
 (/usr/local/texlive/2019/texmf-dist/tex/latex/rerunfilecheck/rerunfilecheck.sty
Package: rerunfilecheck 2019/12/05 v1.9 Rerun checks for auxiliary files (HO)
 (/usr/local/texlive/2019/texmf-dist/tex/latex/atveryend/atveryend.sty
Package: atveryend 2019-12-11 v1.11 Hooks at the very end of document (HO)
Package atveryend Info: \enddocument detected (standard20110627).
) (/usr/local/texlive/2019/texmf-dist/tex/generic/uniquecounter/uniquecounter.sty
Package: uniquecounter 2019/12/15 v1.4 Provide unlimited unique counter (HO)
)
Package uniquecounter Info: New unique counter `rerunfilecheck' on input line 286.
)
\Hy@SectionHShift=\skip58
) (/usr/local/texlive/2019/texmf-dist/tex/latex/geometry/geometry.sty
Package: geometry 2020/01/02 v5.9 Page Geometry
 (/usr/local/texlive/2019/texmf-dist/tex/generic/iftex/ifvtex.sty
Package: ifvtex 2019/10/25 v1.7 ifvtex legacy package. Use iftex instead.
)
\Gm@cnth=\count280
\Gm@cntv=\count281
\c@Gm@tempcnt=\count282
\Gm@bindingoffset=\dimen171
\Gm@wd@mp=\dimen172
\Gm@odd@mp=\dimen173
\Gm@even@mp=\dimen174
\Gm@layoutwidth=\dimen175
\Gm@layoutheight=\dimen176
\Gm@layouthoffset=\dimen177
\Gm@layoutvoffset=\dimen178
\Gm@dimlist=\toks16
)
(/usr/local/texlive/2019/texmf-dist/tex/generic/chemfig/chemfig.sty (/usr/local/texlive/2019/texmf-dist/tex/latex/pgf/frontendlayer/tikz.sty (/usr/local/texlive/2019/texmf-dist/tex/latex/pgf/basiclayer/pgf.sty (/usr/local/texlive/2019/texmf-dist/tex/latex/pgf/utilities/pgfrcs.sty (/usr/local/texlive/2019/texmf-dist/tex/generic/pgf/utilities/pgfutil-common.tex
\pgfutil@everybye=\toks17
\pgfutil@tempdima=\dimen179
\pgfutil@tempdimb=\dimen180
 (/usr/local/texlive/2019/texmf-dist/tex/generic/pgf/utilities/pgfutil-common-lists.tex)) (/usr/local/texlive/2019/texmf-dist/tex/generic/pgf/utilities/pgfutil-latex.def
\pgfutil@abb=\box48
 (/usr/local/texlive/2019/texmf-dist/tex/latex/ms/everyshi.sty
Package: everyshi 2001/05/15 v3.00 EveryShipout Package (MS)
)) (/usr/local/texlive/2019/texmf-dist/tex/generic/pgf/utilities/pgfrcs.code.tex (/usr/local/texlive/2019/texmf-dist/tex/generic/pgf/pgf.revision.tex)
Package: pgfrcs 2020/01/08 v3.1.5b (3.1.5b)
))
Package: pgf 2020/01/08 v3.1.5b (3.1.5b)
 (/usr/local/texlive/2019/texmf-dist/tex/latex/pgf/basiclayer/pgfcore.sty (/usr/local/texlive/2019/texmf-dist/tex/latex/graphics/graphicx.sty
Package: graphicx 2019/11/30 v1.2a Enhanced LaTeX Graphics (DPC,SPQR)
 (/usr/local/texlive/2019/texmf-dist/tex/latex/graphics/graphics.sty
Package: graphics 2019/11/30 v1.4a Standard LaTeX Graphics (DPC,SPQR)
 (/usr/local/texlive/2019/texmf-dist/tex/latex/graphics/trig.sty
Package: trig 2016/01/03 v1.10 sin cos tan (DPC)
) (/usr/local/texlive/2019/texmf-dist/tex/latex/graphics-cfg/graphics.cfg
File: graphics.cfg 2016/06/04 v1.11 sample graphics configuration
)
Package graphics Info: Driver file: xetex.def on input line 105.
 (/usr/local/texlive/2019/texmf-dist/tex/latex/graphics-def/xetex.def
File: xetex.def 2017/06/24 v5.0h Graphics/color driver for xetex
))
\Gin@req@height=\dimen181
\Gin@req@width=\dimen182
) (/usr/local/texlive/2019/texmf-dist/tex/latex/pgf/systemlayer/pgfsys.sty (/usr/local/texlive/2019/texmf-dist/tex/generic/pgf/systemlayer/pgfsys.code.tex
Package: pgfsys 2020/01/08 v3.1.5b (3.1.5b)
 (/usr/local/texlive/2019/texmf-dist/tex/generic/pgf/utilities/pgfkeys.code.tex
\pgfkeys@pathtoks=\toks18
\pgfkeys@temptoks=\toks19
 (/usr/local/texlive/2019/texmf-dist/tex/generic/pgf/utilities/pgfkeysfiltered.code.tex
\pgfkeys@tmptoks=\toks20
))
\pgf@x=\dimen183
\pgf@y=\dimen184
\pgf@xa=\dimen185
\pgf@ya=\dimen186
\pgf@xb=\dimen187
\pgf@yb=\dimen188
\pgf@xc=\dimen189
\pgf@yc=\dimen190
\pgf@xd=\dimen191
\pgf@yd=\dimen192
\w@pgf@writea=\write3
\r@pgf@reada=\read2
\c@pgf@counta=\count283
\c@pgf@countb=\count284
\c@pgf@countc=\count285
\c@pgf@countd=\count286
\t@pgf@toka=\toks21
\t@pgf@tokb=\toks22
\t@pgf@tokc=\toks23
\pgf@sys@id@count=\count287
 (/usr/local/texlive/2019/texmf-dist/tex/generic/pgf/systemlayer/pgf.cfg
File: pgf.cfg 2020/01/08 v3.1.5b (3.1.5b)
)
Driver file for pgf: pgfsys-xetex.def
 (/usr/local/texlive/2019/texmf-dist/tex/generic/pgf/systemlayer/pgfsys-xetex.def
File: pgfsys-xetex.def 2020/01/08 v3.1.5b (3.1.5b)
 (/usr/local/texlive/2019/texmf-dist/tex/generic/pgf/systemlayer/pgfsys-dvipdfmx.def
File: pgfsys-dvipdfmx.def 2020/01/08 v3.1.5b (3.1.5b)
 (/usr/local/texlive/2019/texmf-dist/tex/generic/pgf/systemlayer/pgfsys-common-pdf.def
File: pgfsys-common-pdf.def 2020/01/08 v3.1.5b (3.1.5b)
)
\pgfsys@objnum=\count288
))) (/usr/local/texlive/2019/texmf-dist/tex/generic/pgf/systemlayer/pgfsyssoftpath.code.tex
File: pgfsyssoftpath.code.tex 2020/01/08 v3.1.5b (3.1.5b)
\pgfsyssoftpath@smallbuffer@items=\count289
\pgfsyssoftpath@bigbuffer@items=\count290
) (/usr/local/texlive/2019/texmf-dist/tex/generic/pgf/systemlayer/pgfsysprotocol.code.tex
File: pgfsysprotocol.code.tex 2020/01/08 v3.1.5b (3.1.5b)
))
(/usr/local/texlive/2019/texmf-dist/tex/latex/xcolor/xcolor.sty
Package: xcolor 2016/05/11 v2.12 LaTeX color extensions (UK)
 (/usr/local/texlive/2019/texmf-dist/tex/latex/graphics-cfg/color.cfg
File: color.cfg 2016/01/02 v1.6 sample color configuration
)
Package xcolor Info: Driver file: xetex.def on input line 225.
Package xcolor Info: Model `cmy' substituted by `cmy0' on input line 1348.
Package xcolor Info: Model `RGB' extended on input line 1364.
Package xcolor Info: Model `HTML' substituted by `rgb' on input line 1366.
Package xcolor Info: Model `Hsb' substituted by `hsb' on input line 1367.
Package xcolor Info: Model `tHsb' substituted by `hsb' on input line 1368.
Package xcolor Info: Model `HSB' substituted by `hsb' on input line 1369.
Package xcolor Info: Model `Gray' substituted by `gray' on input line 1370.
Package xcolor Info: Model `wave' substituted by `hsb' on input line 1371.
) (/usr/local/texlive/2019/texmf-dist/tex/generic/pgf/basiclayer/pgfcore.code.tex
Package: pgfcore 2020/01/08 v3.1.5b (3.1.5b)
 (/usr/local/texlive/2019/texmf-dist/tex/generic/pgf/math/pgfmath.code.tex (/usr/local/texlive/2019/texmf-dist/tex/generic/pgf/math/pgfmathcalc.code.tex (/usr/local/texlive/2019/texmf-dist/tex/generic/pgf/math/pgfmathutil.code.tex) (/usr/local/texlive/2019/texmf-dist/tex/generic/pgf/math/pgfmathparser.code.tex
\pgfmath@dimen=\dimen193
\pgfmath@count=\count291
\pgfmath@box=\box49
\pgfmath@toks=\toks24
\pgfmath@stack@operand=\toks25
\pgfmath@stack@operation=\toks26
) (/usr/local/texlive/2019/texmf-dist/tex/generic/pgf/math/pgfmathfunctions.code.tex (/usr/local/texlive/2019/texmf-dist/tex/generic/pgf/math/pgfmathfunctions.basic.code.tex) (/usr/local/texlive/2019/texmf-dist/tex/generic/pgf/math/pgfmathfunctions.trigonometric.code.tex) (/usr/local/texlive/2019/texmf-dist/tex/generic/pgf/math/pgfmathfunctions.random.code.tex) (/usr/local/texlive/2019/texmf-dist/tex/generic/pgf/math/pgfmathfunctions.comparison.code.tex) (/usr/local/texlive/2019/texmf-dist/tex/generic/pgf/math/pgfmathfunctions.base.code.tex) (/usr/local/texlive/2019/texmf-dist/tex/generic/pgf/math/pgfmathfunctions.round.code.tex) (/usr/local/texlive/2019/texmf-dist/tex/generic/pgf/math/pgfmathfunctions.misc.code.tex) (/usr/local/texlive/2019/texmf-dist/tex/generic/pgf/math/pgfmathfunctions.integerarithmetics.code.tex))) (/usr/local/texlive/2019/texmf-dist/tex/generic/pgf/math/pgfmathfloat.code.tex
\c@pgfmathroundto@lastzeros=\count292
)) (/usr/local/texlive/2019/texmf-dist/tex/generic/pgf/math/pgfint.code.tex) (/usr/local/texlive/2019/texmf-dist/tex/generic/pgf/basiclayer/pgfcorepoints.code.tex
File: pgfcorepoints.code.tex 2020/01/08 v3.1.5b (3.1.5b)
\pgf@picminx=\dimen194
\pgf@picmaxx=\dimen195
\pgf@picminy=\dimen196
\pgf@picmaxy=\dimen197
\pgf@pathminx=\dimen198
\pgf@pathmaxx=\dimen199
\pgf@pathminy=\dimen256
\pgf@pathmaxy=\dimen257
\pgf@xx=\dimen258
\pgf@xy=\dimen259
\pgf@yx=\dimen260
\pgf@yy=\dimen261
\pgf@zx=\dimen262
\pgf@zy=\dimen263
) (/usr/local/texlive/2019/texmf-dist/tex/generic/pgf/basiclayer/pgfcorepathconstruct.code.tex
File: pgfcorepathconstruct.code.tex 2020/01/08 v3.1.5b (3.1.5b)
\pgf@path@lastx=\dimen264
\pgf@path@lasty=\dimen265
) (/usr/local/texlive/2019/texmf-dist/tex/generic/pgf/basiclayer/pgfcorepathusage.code.tex
File: pgfcorepathusage.code.tex 2020/01/08 v3.1.5b (3.1.5b)
\pgf@shorten@end@additional=\dimen266
\pgf@shorten@start@additional=\dimen267
) (/usr/local/texlive/2019/texmf-dist/tex/generic/pgf/basiclayer/pgfcorescopes.code.tex
File: pgfcorescopes.code.tex 2020/01/08 v3.1.5b (3.1.5b)
\pgfpic=\box50
\pgf@hbox=\box51
\pgf@layerbox@main=\box52
\pgf@picture@serial@count=\count293
) (/usr/local/texlive/2019/texmf-dist/tex/generic/pgf/basiclayer/pgfcoregraphicstate.code.tex
File: pgfcoregraphicstate.code.tex 2020/01/08 v3.1.5b (3.1.5b)
\pgflinewidth=\dimen268
)
(/usr/local/texlive/2019/texmf-dist/tex/generic/pgf/basiclayer/pgfcoretransformations.code.tex
File: pgfcoretransformations.code.tex 2020/01/08 v3.1.5b (3.1.5b)
\pgf@pt@x=\dimen269
\pgf@pt@y=\dimen270
\pgf@pt@temp=\dimen271
) (/usr/local/texlive/2019/texmf-dist/tex/generic/pgf/basiclayer/pgfcorequick.code.tex
File: pgfcorequick.code.tex 2020/01/08 v3.1.5b (3.1.5b)
) (/usr/local/texlive/2019/texmf-dist/tex/generic/pgf/basiclayer/pgfcoreobjects.code.tex
File: pgfcoreobjects.code.tex 2020/01/08 v3.1.5b (3.1.5b)
) (/usr/local/texlive/2019/texmf-dist/tex/generic/pgf/basiclayer/pgfcorepathprocessing.code.tex
File: pgfcorepathprocessing.code.tex 2020/01/08 v3.1.5b (3.1.5b)
) (/usr/local/texlive/2019/texmf-dist/tex/generic/pgf/basiclayer/pgfcorearrows.code.tex
File: pgfcorearrows.code.tex 2020/01/08 v3.1.5b (3.1.5b)
\pgfarrowsep=\dimen272
) (/usr/local/texlive/2019/texmf-dist/tex/generic/pgf/basiclayer/pgfcoreshade.code.tex
File: pgfcoreshade.code.tex 2020/01/08 v3.1.5b (3.1.5b)
\pgf@max=\dimen273
\pgf@sys@shading@range@num=\count294
\pgf@shadingcount=\count295
) (/usr/local/texlive/2019/texmf-dist/tex/generic/pgf/basiclayer/pgfcoreimage.code.tex
File: pgfcoreimage.code.tex 2020/01/08 v3.1.5b (3.1.5b)
 (/usr/local/texlive/2019/texmf-dist/tex/generic/pgf/basiclayer/pgfcoreexternal.code.tex
File: pgfcoreexternal.code.tex 2020/01/08 v3.1.5b (3.1.5b)
\pgfexternal@startupbox=\box53
)) (/usr/local/texlive/2019/texmf-dist/tex/generic/pgf/basiclayer/pgfcorelayers.code.tex
File: pgfcorelayers.code.tex 2020/01/08 v3.1.5b (3.1.5b)
) (/usr/local/texlive/2019/texmf-dist/tex/generic/pgf/basiclayer/pgfcoretransparency.code.tex
File: pgfcoretransparency.code.tex 2020/01/08 v3.1.5b (3.1.5b)
) (/usr/local/texlive/2019/texmf-dist/tex/generic/pgf/basiclayer/pgfcorepatterns.code.tex
File: pgfcorepatterns.code.tex 2020/01/08 v3.1.5b (3.1.5b)
) (/usr/local/texlive/2019/texmf-dist/tex/generic/pgf/basiclayer/pgfcorerdf.code.tex
File: pgfcorerdf.code.tex 2020/01/08 v3.1.5b (3.1.5b)
))) (/usr/local/texlive/2019/texmf-dist/tex/generic/pgf/modules/pgfmoduleshapes.code.tex
File: pgfmoduleshapes.code.tex 2020/01/08 v3.1.5b (3.1.5b)
\pgfnodeparttextbox=\box54
) (/usr/local/texlive/2019/texmf-dist/tex/generic/pgf/modules/pgfmoduleplot.code.tex
File: pgfmoduleplot.code.tex 2020/01/08 v3.1.5b (3.1.5b)
) (/usr/local/texlive/2019/texmf-dist/tex/latex/pgf/compatibility/pgfcomp-version-0-65.sty
Package: pgfcomp-version-0-65 2020/01/08 v3.1.5b (3.1.5b)
\pgf@nodesepstart=\dimen274
\pgf@nodesepend=\dimen275
) (/usr/local/texlive/2019/texmf-dist/tex/latex/pgf/compatibility/pgfcomp-version-1-18.sty
Package: pgfcomp-version-1-18 2020/01/08 v3.1.5b (3.1.5b)
)) (/usr/local/texlive/2019/texmf-dist/tex/latex/pgf/utilities/pgffor.sty (/usr/local/texlive/2019/texmf-dist/tex/latex/pgf/utilities/pgfkeys.sty (/usr/local/texlive/2019/texmf-dist/tex/generic/pgf/utilities/pgfkeys.code.tex)) (/usr/local/texlive/2019/texmf-dist/tex/latex/pgf/math/pgfmath.sty (/usr/local/texlive/2019/texmf-dist/tex/generic/pgf/math/pgfmath.code.tex)) (/usr/local/texlive/2019/texmf-dist/tex/generic/pgf/utilities/pgffor.code.tex
Package: pgffor 2020/01/08 v3.1.5b (3.1.5b)
 (/usr/local/texlive/2019/texmf-dist/tex/generic/pgf/math/pgfmath.code.tex)
\pgffor@iter=\dimen276
\pgffor@skip=\dimen277
\pgffor@stack=\toks27
\pgffor@toks=\toks28
)) (/usr/local/texlive/2019/texmf-dist/tex/generic/pgf/frontendlayer/tikz/tikz.code.tex
Package: tikz 2020/01/08 v3.1.5b (3.1.5b)

(/usr/local/texlive/2019/texmf-dist/tex/generic/pgf/libraries/pgflibraryplothandlers.code.tex
File: pgflibraryplothandlers.code.tex 2020/01/08 v3.1.5b (3.1.5b)
\pgf@plot@mark@count=\count296
\pgfplotmarksize=\dimen278
)
\tikz@lastx=\dimen279
\tikz@lasty=\dimen280
\tikz@lastxsaved=\dimen281
\tikz@lastysaved=\dimen282
\tikz@lastmovetox=\dimen283
\tikz@lastmovetoy=\dimen284
\tikzleveldistance=\dimen285
\tikzsiblingdistance=\dimen286
\tikz@figbox=\box55
\tikz@figbox@bg=\box56
\tikz@tempbox=\box57
\tikz@tempbox@bg=\box58
\tikztreelevel=\count297
\tikznumberofchildren=\count298
\tikznumberofcurrentchild=\count299
\tikz@fig@count=\count300
 (/usr/local/texlive/2019/texmf-dist/tex/generic/pgf/modules/pgfmodulematrix.code.tex
File: pgfmodulematrix.code.tex 2020/01/08 v3.1.5b (3.1.5b)
\pgfmatrixcurrentrow=\count301
\pgfmatrixcurrentcolumn=\count302
\pgf@matrix@numberofcolumns=\count303
)
\tikz@expandcount=\count304
 (/usr/local/texlive/2019/texmf-dist/tex/generic/pgf/frontendlayer/tikz/libraries/tikzlibrarytopaths.code.tex
File: tikzlibrarytopaths.code.tex 2020/01/08 v3.1.5b (3.1.5b)
))) (/usr/local/texlive/2019/texmf-dist/tex/generic/chemfig/chemfig.tex
Invalid UTF-8 byte or sequence at line 34 replaced by U+FFFD.
Invalid UTF-8 byte or sequence at line 43 replaced by U+FFFD.
Invalid UTF-8 byte or sequence at line 54 replaced by U+FFFD.
Invalid UTF-8 byte or sequence at line 54 replaced by U+FFFD.
Invalid UTF-8 byte or sequence at line 56 replaced by U+FFFD.
Invalid UTF-8 byte or sequence at line 56 replaced by U+FFFD.
Invalid UTF-8 byte or sequence at line 56 replaced by U+FFFD.
 (/usr/local/texlive/2019/texmf-dist/tex/generic/simplekv/simplekv.tex
Invalid UTF-8 byte or sequence at line 2 replaced by U+FFFD.
Invalid UTF-8 byte or sequence at line 36 replaced by U+FFFD.
Invalid UTF-8 byte or sequence at line 38 replaced by U+FFFD.
Invalid UTF-8 byte or sequence at line 47 replaced by U+FFFD.
Invalid UTF-8 byte or sequence at line 47 replaced by U+FFFD.
Invalid UTF-8 byte or sequence at line 47 replaced by U+FFFD.
Invalid UTF-8 byte or sequence at line 47 replaced by U+FFFD.
Invalid UTF-8 byte or sequence at line 51 replaced by U+FFFD.
Invalid UTF-8 byte or sequence at line 51 replaced by U+FFFD.
Invalid UTF-8 byte or sequence at line 51 replaced by U+FFFD.
Invalid UTF-8 byte or sequence at line 51 replaced by U+FFFD.
Invalid UTF-8 byte or sequence at line 52 replaced by U+FFFD.
Invalid UTF-8 byte or sequence at line 52 replaced by U+FFFD.
Invalid UTF-8 byte or sequence at line 55 replaced by U+FFFD.
Invalid UTF-8 byte or sequence at line 59 replaced by U+FFFD.
Invalid UTF-8 byte or sequence at line 59 replaced by U+FFFD.
Invalid UTF-8 byte or sequence at line 59 replaced by U+FFFD.
Invalid UTF-8 byte or sequence at line 60 replaced by U+FFFD.
Invalid UTF-8 byte or sequence at line 60 replaced by U+FFFD.
Invalid UTF-8 byte or sequence at line 67 replaced by U+FFFD.
Invalid UTF-8 byte or sequence at line 68 replaced by U+FFFD.
Invalid UTF-8 byte or sequence at line 68 replaced by U+FFFD.
Invalid UTF-8 byte or sequence at line 73 replaced by U+FFFD.
Invalid UTF-8 byte or sequence at line 73 replaced by U+FFFD.
Invalid UTF-8 byte or sequence at line 84 replaced by U+FFFD.
Invalid UTF-8 byte or sequence at line 84 replaced by U+FFFD.
Invalid UTF-8 byte or sequence at line 90 replaced by U+FFFD.
Invalid UTF-8 byte or sequence at line 92 replaced by U+FFFD.
Invalid UTF-8 byte or sequence at line 110 replaced by U+FFFD.
Invalid UTF-8 byte or sequence at line 110 replaced by U+FFFD.
Invalid UTF-8 byte or sequence at line 112 replaced by U+FFFD.
Invalid UTF-8 byte or sequence at line 112 replaced by U+FFFD.
Invalid UTF-8 byte or sequence at line 112 replaced by U+FFFD.
Invalid UTF-8 byte or sequence at line 113 replaced by U+FFFD.
Invalid UTF-8 byte or sequence at line 113 replaced by U+FFFD.
Invalid UTF-8 byte or sequence at line 113 replaced by U+FFFD.
Invalid UTF-8 byte or sequence at line 113 replaced by U+FFFD.
Invalid UTF-8 byte or sequence at line 113 replaced by U+FFFD.
Invalid UTF-8 byte or sequence at line 113 replaced by U+FFFD.
Invalid UTF-8 byte or sequence at line 117 replaced by U+FFFD.
Invalid UTF-8 byte or sequence at line 117 replaced by U+FFFD.
Invalid UTF-8 byte or sequence at line 117 replaced by U+FFFD.
Invalid UTF-8 byte or sequence at line 117 replaced by U+FFFD.
Invalid UTF-8 byte or sequence at line 122 replaced by U+FFFD.
Invalid UTF-8 byte or sequence at line 125 replaced by U+FFFD.
Invalid UTF-8 byte or sequence at line 125 replaced by U+FFFD.
Invalid UTF-8 byte or sequence at line 125 replaced by U+FFFD.
Invalid UTF-8 byte or sequence at line 126 replaced by U+FFFD.
Invalid UTF-8 byte or sequence at line 126 replaced by U+FFFD.
Invalid UTF-8 byte or sequence at line 128 replaced by U+FFFD.
Invalid UTF-8 byte or sequence at line 129 replaced by U+FFFD.
Invalid UTF-8 byte or sequence at line 129 replaced by U+FFFD.
Invalid UTF-8 byte or sequence at line 129 replaced by U+FFFD.
Invalid UTF-8 byte or sequence at line 131 replaced by U+FFFD.
Invalid UTF-8 byte or sequence at line 131 replaced by U+FFFD.
Invalid UTF-8 byte or sequence at line 131 replaced by U+FFFD.
Invalid UTF-8 byte or sequence at line 132 replaced by U+FFFD.
Invalid UTF-8 byte or sequence at line 139 replaced by U+FFFD.
Invalid UTF-8 byte or sequence at line 139 replaced by U+FFFD.
Invalid UTF-8 byte or sequence at line 140 replaced by U+FFFD.
Invalid UTF-8 byte or sequence at line 140 replaced by U+FFFD.
Invalid UTF-8 byte or sequence at line 142 replaced by U+FFFD.
Invalid UTF-8 byte or sequence at line 142 replaced by U+FFFD.
Invalid UTF-8 byte or sequence at line 146 replaced by U+FFFD.
Invalid UTF-8 byte or sequence at line 146 replaced by U+FFFD.
Invalid UTF-8 byte or sequence at line 146 replaced by U+FFFD.
Invalid UTF-8 byte or sequence at line 147 replaced by U+FFFD.
Invalid UTF-8 byte or sequence at line 151 replaced by U+FFFD.
Invalid UTF-8 byte or sequence at line 152 replaced by U+FFFD.
Invalid UTF-8 byte or sequence at line 152 replaced by U+FFFD.
Invalid UTF-8 byte or sequence at line 152 replaced by U+FFFD.
Invalid UTF-8 byte or sequence at line 153 replaced by U+FFFD.
Invalid UTF-8 byte or sequence at line 153 replaced by U+FFFD.
Invalid UTF-8 byte or sequence at line 154 replaced by U+FFFD.
Invalid UTF-8 byte or sequence at line 154 replaced by U+FFFD.
Invalid UTF-8 byte or sequence at line 154 replaced by U+FFFD.
Invalid UTF-8 byte or sequence at line 157 replaced by U+FFFD.
Invalid UTF-8 byte or sequence at line 157 replaced by U+FFFD.
Invalid UTF-8 byte or sequence at line 157 replaced by U+FFFD.
Invalid UTF-8 byte or sequence at line 158 replaced by U+FFFD.
Invalid UTF-8 byte or sequence at line 163 replaced by U+FFFD.
Invalid UTF-8 byte or sequence at line 163 replaced by U+FFFD.
Invalid UTF-8 byte or sequence at line 163 replaced by U+FFFD.
Invalid UTF-8 byte or sequence at line 163 replaced by U+FFFD.
Invalid UTF-8 byte or sequence at line 164 replaced by U+FFFD.
Invalid UTF-8 byte or sequence at line 164 replaced by U+FFFD.
Invalid UTF-8 byte or sequence at line 164 replaced by U+FFFD.
Invalid UTF-8 byte or sequence at line 164 replaced by U+FFFD.
Invalid UTF-8 byte or sequence at line 166 replaced by U+FFFD.
Invalid UTF-8 byte or sequence at line 166 replaced by U+FFFD.
Invalid UTF-8 byte or sequence at line 167 replaced by U+FFFD.
Invalid UTF-8 byte or sequence at line 171 replaced by U+FFFD.
Invalid UTF-8 byte or sequence at line 171 replaced by U+FFFD.
Invalid UTF-8 byte or sequence at line 172 replaced by U+FFFD.
Invalid UTF-8 byte or sequence at line 173 replaced by U+FFFD.
Invalid UTF-8 byte or sequence at line 174 replaced by U+FFFD.
Invalid UTF-8 byte or sequence at line 174 replaced by U+FFFD.
Invalid UTF-8 byte or sequence at line 174 replaced by U+FFFD.
Invalid UTF-8 byte or sequence at line 174 replaced by U+FFFD.
Invalid UTF-8 byte or sequence at line 174 replaced by U+FFFD.
Invalid UTF-8 byte or sequence at line 175 replaced by U+FFFD.
Invalid UTF-8 byte or sequence at line 176 replaced by U+FFFD.
Invalid UTF-8 byte or sequence at line 178 replaced by U+FFFD.
Invalid UTF-8 byte or sequence at line 178 replaced by U+FFFD.
Invalid UTF-8 byte or sequence at line 181 replaced by U+FFFD.
Invalid UTF-8 byte or sequence at line 183 replaced by U+FFFD.
Invalid UTF-8 byte or sequence at line 183 replaced by U+FFFD.
Invalid UTF-8 byte or sequence at line 184 replaced by U+FFFD.
Invalid UTF-8 byte or sequence at line 184 replaced by U+FFFD.
Invalid UTF-8 byte or sequence at line 185 replaced by U+FFFD.
Invalid UTF-8 byte or sequence at line 187 replaced by U+FFFD.
Invalid UTF-8 byte or sequence at line 187 replaced by U+FFFD.
Invalid UTF-8 byte or sequence at line 189 replaced by U+FFFD.
Invalid UTF-8 byte or sequence at line 189 replaced by U+FFFD.
Invalid UTF-8 byte or sequence at line 189 replaced by U+FFFD.
Invalid UTF-8 byte or sequence at line 191 replaced by U+FFFD.
Invalid UTF-8 byte or sequence at line 191 replaced by U+FFFD.
Invalid UTF-8 byte or sequence at line 191 replaced by U+FFFD.
Invalid UTF-8 byte or sequence at line 191 replaced by U+FFFD.
Invalid UTF-8 byte or sequence at line 192 replaced by U+FFFD.
Invalid UTF-8 byte or sequence at line 192 replaced by U+FFFD.
Invalid UTF-8 byte or sequence at line 193 replaced by U+FFFD.
Invalid UTF-8 byte or sequence at line 196 replaced by U+FFFD.
Invalid UTF-8 byte or sequence at line 196 replaced by U+FFFD.
Invalid UTF-8 byte or sequence at line 197 replaced by U+FFFD.
Invalid UTF-8 byte or sequence at line 200 replaced by U+FFFD.
Invalid UTF-8 byte or sequence at line 200 replaced by U+FFFD.
Invalid UTF-8 byte or sequence at line 200 replaced by U+FFFD.
Invalid UTF-8 byte or sequence at line 201 replaced by U+FFFD.
Invalid UTF-8 byte or sequence at line 202 replaced by U+FFFD.
Invalid UTF-8 byte or sequence at line 202 replaced by U+FFFD.
Invalid UTF-8 byte or sequence at line 202 replaced by U+FFFD.
Invalid UTF-8 byte or sequence at line 204 replaced by U+FFFD.
Invalid UTF-8 byte or sequence at line 204 replaced by U+FFFD.
Invalid UTF-8 byte or sequence at line 204 replaced by U+FFFD.
Invalid UTF-8 byte or sequence at line 205 replaced by U+FFFD.
Invalid UTF-8 byte or sequence at line 205 replaced by U+FFFD.
Invalid UTF-8 byte or sequence at line 205 replaced by U+FFFD.
Invalid UTF-8 byte or sequence at line 206 replaced by U+FFFD.
Invalid UTF-8 byte or sequence at line 207 replaced by U+FFFD.
Invalid UTF-8 byte or sequence at line 208 replaced by U+FFFD.
Invalid UTF-8 byte or sequence at line 209 replaced by U+FFFD.
Invalid UTF-8 byte or sequence at line 209 replaced by U+FFFD.
Invalid UTF-8 byte or sequence at line 210 replaced by U+FFFD.
Invalid UTF-8 byte or sequence at line 211 replaced by U+FFFD.
Invalid UTF-8 byte or sequence at line 212 replaced by U+FFFD.
Invalid UTF-8 byte or sequence at line 212 replaced by U+FFFD.
Invalid UTF-8 byte or sequence at line 212 replaced by U+FFFD.
Invalid UTF-8 byte or sequence at line 212 replaced by U+FFFD.
Invalid UTF-8 byte or sequence at line 213 replaced by U+FFFD.
Invalid UTF-8 byte or sequence at line 213 replaced by U+FFFD.
Invalid UTF-8 byte or sequence at line 213 replaced by U+FFFD.
Invalid UTF-8 byte or sequence at line 215 replaced by U+FFFD.
Invalid UTF-8 byte or sequence at line 215 replaced by U+FFFD.
Invalid UTF-8 byte or sequence at line 217 replaced by U+FFFD.
Invalid UTF-8 byte or sequence at line 217 replaced by U+FFFD.
Invalid UTF-8 byte or sequence at line 217 replaced by U+FFFD.
Invalid UTF-8 byte or sequence at line 218 replaced by U+FFFD.
Invalid UTF-8 byte or sequence at line 220 replaced by U+FFFD.
Invalid UTF-8 byte or sequence at line 225 replaced by U+FFFD.
Invalid UTF-8 byte or sequence at line 226 replaced by U+FFFD.
Invalid UTF-8 byte or sequence at line 226 replaced by U+FFFD.
Invalid UTF-8 byte or sequence at line 226 replaced by U+FFFD.
Invalid UTF-8 byte or sequence at line 229 replaced by U+FFFD.
Invalid UTF-8 byte or sequence at line 229 replaced by U+FFFD.
Invalid UTF-8 byte or sequence at line 229 replaced by U+FFFD.
Invalid UTF-8 byte or sequence at line 229 replaced by U+FFFD.
Invalid UTF-8 byte or sequence at line 238 replaced by U+FFFD.
Invalid UTF-8 byte or sequence at line 238 replaced by U+FFFD.
Invalid UTF-8 byte or sequence at line 240 replaced by U+FFFD.
Invalid UTF-8 byte or sequence at line 240 replaced by U+FFFD.
Invalid UTF-8 byte or sequence at line 241 replaced by U+FFFD.
Invalid UTF-8 byte or sequence at line 243 replaced by U+FFFD.
Invalid UTF-8 byte or sequence at line 244 replaced by U+FFFD.
Invalid UTF-8 byte or sequence at line 244 replaced by U+FFFD.
Invalid UTF-8 byte or sequence at line 244 replaced by U+FFFD.
Invalid UTF-8 byte or sequence at line 247 replaced by U+FFFD.
Invalid UTF-8 byte or sequence at line 247 replaced by U+FFFD.
Invalid UTF-8 byte or sequence at line 255 replaced by U+FFFD.
Invalid UTF-8 byte or sequence at line 255 replaced by U+FFFD.
Invalid UTF-8 byte or sequence at line 256 replaced by U+FFFD.
Invalid UTF-8 byte or sequence at line 256 replaced by U+FFFD.
Invalid UTF-8 byte or sequence at line 256 replaced by U+FFFD.
Invalid UTF-8 byte or sequence at line 256 replaced by U+FFFD.
Invalid UTF-8 byte or sequence at line 257 replaced by U+FFFD.
Invalid UTF-8 byte or sequence at line 259 replaced by U+FFFD.
Invalid UTF-8 byte or sequence at line 260 replaced by U+FFFD.
Invalid UTF-8 byte or sequence at line 262 replaced by U+FFFD.
Invalid UTF-8 byte or sequence at line 265 replaced by U+FFFD.
Invalid UTF-8 byte or sequence at line 265 replaced by U+FFFD.
Invalid UTF-8 byte or sequence at line 265 replaced by U+FFFD.
Invalid UTF-8 byte or sequence at line 265 replaced by U+FFFD.
Invalid UTF-8 byte or sequence at line 280 replaced by U+FFFD.
Invalid UTF-8 byte or sequence at line 285 replaced by U+FFFD.
Invalid UTF-8 byte or sequence at line 285 replaced by U+FFFD.
Invalid UTF-8 byte or sequence at line 287 replaced by U+FFFD.
Invalid UTF-8 byte or sequence at line 288 replaced by U+FFFD.
Invalid UTF-8 byte or sequence at line 288 replaced by U+FFFD.
Invalid UTF-8 byte or sequence at line 292 replaced by U+FFFD.
Invalid UTF-8 byte or sequence at line 295 replaced by U+FFFD.
Invalid UTF-8 byte or sequence at line 297 replaced by U+FFFD.
Invalid UTF-8 byte or sequence at line 297 replaced by U+FFFD.
Invalid UTF-8 byte or sequence at line 297 replaced by U+FFFD.
Invalid UTF-8 byte or sequence at line 298 replaced by U+FFFD.
Invalid UTF-8 byte or sequence at line 299 replaced by U+FFFD.
Invalid UTF-8 byte or sequence at line 303 replaced by U+FFFD.
Invalid UTF-8 byte or sequence at line 303 replaced by U+FFFD.
Invalid UTF-8 byte or sequence at line 309 replaced by U+FFFD.
Invalid UTF-8 byte or sequence at line 312 replaced by U+FFFD.
Invalid UTF-8 byte or sequence at line 312 replaced by U+FFFD.
Invalid UTF-8 byte or sequence at line 319 replaced by U+FFFD.
Invalid UTF-8 byte or sequence at line 319 replaced by U+FFFD.
) (/usr/local/texlive/2019/texmf-dist/tex/generic/pgf/libraries/pgflibraryarrows.meta.code.tex
File: pgflibraryarrows.meta.code.tex 2020/01/08 v3.1.5b (3.1.5b)
\pgfarrowinset=\dimen287
\pgfarrowlength=\dimen288
\pgfarrowwidth=\dimen289
\pgfarrowlinewidth=\dimen290
)
\CF_cntatomgroup=\count305
\CF_cntgroup=\count306
\CF_cntatom=\count307
\CF_cntcycle=\count308
\CF_cntcompound=\count309
\CF_dim=\dimen291
\CF_arrowsize=\dimen292
\CF_zero=\dimen293
\CF_boxlewis=\box59
\CF_box=\box60
\CF_boxstuff=\box61
\CF_substtoks=\toks29
Invalid UTF-8 byte or sequence at line 153 replaced by U+FFFD.
Invalid UTF-8 byte or sequence at line 180 replaced by U+FFFD.
Invalid UTF-8 byte or sequence at line 209 replaced by U+FFFD.
Invalid UTF-8 byte or sequence at line 209 replaced by U+FFFD.
Invalid UTF-8 byte or sequence at line 270 replaced by U+FFFD.
Invalid UTF-8 byte or sequence at line 271 replaced by U+FFFD.
Invalid UTF-8 byte or sequence at line 271 replaced by U+FFFD.
Invalid UTF-8 byte or sequence at line 271 replaced by U+FFFD.
Invalid UTF-8 byte or sequence at line 287 replaced by U+FFFD.
Invalid UTF-8 byte or sequence at line 287 replaced by U+FFFD.
Invalid UTF-8 byte or sequence at line 288 replaced by U+FFFD.
Invalid UTF-8 byte or sequence at line 288 replaced by U+FFFD.
Invalid UTF-8 byte or sequence at line 311 replaced by U+FFFD.
Invalid UTF-8 byte or sequence at line 311 replaced by U+FFFD.
Invalid UTF-8 byte or sequence at line 311 replaced by U+FFFD.
Invalid UTF-8 byte or sequence at line 344 replaced by U+FFFD.
Invalid UTF-8 byte or sequence at line 352 replaced by U+FFFD.
Invalid UTF-8 byte or sequence at line 356 replaced by U+FFFD.
Invalid UTF-8 byte or sequence at line 357 replaced by U+FFFD.
Invalid UTF-8 byte or sequence at line 399 replaced by U+FFFD.
Invalid UTF-8 byte or sequence at line 411 replaced by U+FFFD.
Invalid UTF-8 byte or sequence at line 411 replaced by U+FFFD.
Invalid UTF-8 byte or sequence at line 411 replaced by U+FFFD.
Invalid UTF-8 byte or sequence at line 411 replaced by U+FFFD.
Invalid UTF-8 byte or sequence at line 411 replaced by U+FFFD.
Invalid UTF-8 byte or sequence at line 412 replaced by U+FFFD.
Invalid UTF-8 byte or sequence at line 422 replaced by U+FFFD.
Invalid UTF-8 byte or sequence at line 432 replaced by U+FFFD.
Invalid UTF-8 byte or sequence at line 452 replaced by U+FFFD.
Invalid UTF-8 byte or sequence at line 452 replaced by U+FFFD.
Invalid UTF-8 byte or sequence at line 514 replaced by U+FFFD.
Invalid UTF-8 byte or sequence at line 518 replaced by U+FFFD.
Invalid UTF-8 byte or sequence at line 547 replaced by U+FFFD.
Invalid UTF-8 byte or sequence at line 555 replaced by U+FFFD.
Invalid UTF-8 byte or sequence at line 558 replaced by U+FFFD.
Invalid UTF-8 byte or sequence at line 560 replaced by U+FFFD.
Invalid UTF-8 byte or sequence at line 562 replaced by U+FFFD.
Invalid UTF-8 byte or sequence at line 562 replaced by U+FFFD.
Invalid UTF-8 byte or sequence at line 586 replaced by U+FFFD.
Invalid UTF-8 byte or sequence at line 598 replaced by U+FFFD.
Invalid UTF-8 byte or sequence at line 598 replaced by U+FFFD.
Invalid UTF-8 byte or sequence at line 598 replaced by U+FFFD.
Invalid UTF-8 byte or sequence at line 599 replaced by U+FFFD.
Invalid UTF-8 byte or sequence at line 603 replaced by U+FFFD.
Invalid UTF-8 byte or sequence at line 603 replaced by U+FFFD.
Invalid UTF-8 byte or sequence at line 625 replaced by U+FFFD.
Invalid UTF-8 byte or sequence at line 625 replaced by U+FFFD.
Invalid UTF-8 byte or sequence at line 656 replaced by U+FFFD.
Invalid UTF-8 byte or sequence at line 656 replaced by U+FFFD.
Invalid UTF-8 byte or sequence at line 699 replaced by U+FFFD.
Invalid UTF-8 byte or sequence at line 715 replaced by U+FFFD.
Invalid UTF-8 byte or sequence at line 717 replaced by U+FFFD.
Invalid UTF-8 byte or sequence at line 717 replaced by U+FFFD.
Invalid UTF-8 byte or sequence at line 718 replaced by U+FFFD.
Invalid UTF-8 byte or sequence at line 718 replaced by U+FFFD.
Invalid UTF-8 byte or sequence at line 721 replaced by U+FFFD.
Invalid UTF-8 byte or sequence at line 721 replaced by U+FFFD.
Invalid UTF-8 byte or sequence at line 737 replaced by U+FFFD.
Invalid UTF-8 byte or sequence at line 751 replaced by U+FFFD.
Invalid UTF-8 byte or sequence at line 751 replaced by U+FFFD.
Invalid UTF-8 byte or sequence at line 766 replaced by U+FFFD.
Invalid UTF-8 byte or sequence at line 776 replaced by U+FFFD.
Invalid UTF-8 byte or sequence at line 776 replaced by U+FFFD.
Invalid UTF-8 byte or sequence at line 776 replaced by U+FFFD.
Invalid UTF-8 byte or sequence at line 782 replaced by U+FFFD.
Invalid UTF-8 byte or sequence at line 784 replaced by U+FFFD.
Invalid UTF-8 byte or sequence at line 784 replaced by U+FFFD.
Invalid UTF-8 byte or sequence at line 785 replaced by U+FFFD.
Invalid UTF-8 byte or sequence at line 785 replaced by U+FFFD.
Invalid UTF-8 byte or sequence at line 785 replaced by U+FFFD.
Invalid UTF-8 byte or sequence at line 795 replaced by U+FFFD.
Invalid UTF-8 byte or sequence at line 801 replaced by U+FFFD.
Invalid UTF-8 byte or sequence at line 806 replaced by U+FFFD.
Invalid UTF-8 byte or sequence at line 807 replaced by U+FFFD.
Invalid UTF-8 byte or sequence at line 809 replaced by U+FFFD.
Invalid UTF-8 byte or sequence at line 841 replaced by U+FFFD.
Invalid UTF-8 byte or sequence at line 858 replaced by U+FFFD.
Invalid UTF-8 byte or sequence at line 882 replaced by U+FFFD.
Invalid UTF-8 byte or sequence at line 882 replaced by U+FFFD.
Invalid UTF-8 byte or sequence at line 883 replaced by U+FFFD.
Invalid UTF-8 byte or sequence at line 914 replaced by U+FFFD.
Invalid UTF-8 byte or sequence at line 914 replaced by U+FFFD.
Invalid UTF-8 byte or sequence at line 918 replaced by U+FFFD.
Invalid UTF-8 byte or sequence at line 918 replaced by U+FFFD.
Invalid UTF-8 byte or sequence at line 919 replaced by U+FFFD.
Invalid UTF-8 byte or sequence at line 925 replaced by U+FFFD.
Invalid UTF-8 byte or sequence at line 934 replaced by U+FFFD.
Invalid UTF-8 byte or sequence at line 934 replaced by U+FFFD.
Invalid UTF-8 byte or sequence at line 937 replaced by U+FFFD.
Invalid UTF-8 byte or sequence at line 941 replaced by U+FFFD.
Invalid UTF-8 byte or sequence at line 946 replaced by U+FFFD.
Invalid UTF-8 byte or sequence at line 946 replaced by U+FFFD.
Invalid UTF-8 byte or sequence at line 1042 replaced by U+FFFD.
Invalid UTF-8 byte or sequence at line 1042 replaced by U+FFFD.
Invalid UTF-8 byte or sequence at line 1043 replaced by U+FFFD.
Invalid UTF-8 byte or sequence at line 1080 replaced by U+FFFD.
Invalid UTF-8 byte or sequence at line 1080 replaced by U+FFFD.
Invalid UTF-8 byte or sequence at line 1116 replaced by U+FFFD.
Invalid UTF-8 byte or sequence at line 1130 replaced by U+FFFD.
Invalid UTF-8 byte or sequence at line 1155 replaced by U+FFFD.
Invalid UTF-8 byte or sequence at line 1162 replaced by U+FFFD.
Invalid UTF-8 byte or sequence at line 1169 replaced by U+FFFD.
Invalid UTF-8 byte or sequence at line 1169 replaced by U+FFFD.
Invalid UTF-8 byte or sequence at line 1173 replaced by U+FFFD.
Invalid UTF-8 byte or sequence at line 1173 replaced by U+FFFD.
Invalid UTF-8 byte or sequence at line 1189 replaced by U+FFFD.
Invalid UTF-8 byte or sequence at line 1213 replaced by U+FFFD.
Invalid UTF-8 byte or sequence at line 1213 replaced by U+FFFD.
Invalid UTF-8 byte or sequence at line 1268 replaced by U+FFFD.
Invalid UTF-8 byte or sequence at line 1303 replaced by U+FFFD.
Invalid UTF-8 byte or sequence at line 1304 replaced by U+FFFD.
Invalid UTF-8 byte or sequence at line 1320 replaced by U+FFFD.
Invalid UTF-8 byte or sequence at line 1360 replaced by U+FFFD.
Invalid UTF-8 byte or sequence at line 1360 replaced by U+FFFD.
Invalid UTF-8 byte or sequence at line 1379 replaced by U+FFFD.
Invalid UTF-8 byte or sequence at line 1382 replaced by U+FFFD.
Invalid UTF-8 byte or sequence at line 1382 replaced by U+FFFD.
Invalid UTF-8 byte or sequence at line 1442 replaced by U+FFFD.
Invalid UTF-8 byte or sequence at line 1451 replaced by U+FFFD.
Invalid UTF-8 byte or sequence at line 1451 replaced by U+FFFD.
Invalid UTF-8 byte or sequence at line 1491 replaced by U+FFFD.
Invalid UTF-8 byte or sequence at line 1494 replaced by U+FFFD.
Invalid UTF-8 byte or sequence at line 1494 replaced by U+FFFD.
Invalid UTF-8 byte or sequence at line 1494 replaced by U+FFFD.
Invalid UTF-8 byte or sequence at line 1495 replaced by U+FFFD.
Invalid UTF-8 byte or sequence at line 1495 replaced by U+FFFD.
Invalid UTF-8 byte or sequence at line 1499 replaced by U+FFFD.
Invalid UTF-8 byte or sequence at line 1499 replaced by U+FFFD.
Invalid UTF-8 byte or sequence at line 1534 replaced by U+FFFD.
Invalid UTF-8 byte or sequence at line 1721 replaced by U+FFFD.
Invalid UTF-8 byte or sequence at line 1721 replaced by U+FFFD.
Invalid UTF-8 byte or sequence at line 1807 replaced by U+FFFD.
Invalid UTF-8 byte or sequence at line 1807 replaced by U+FFFD.
Invalid UTF-8 byte or sequence at line 1825 replaced by U+FFFD.
Invalid UTF-8 byte or sequence at line 1941 replaced by U+FFFD.
Invalid UTF-8 byte or sequence at line 1959 replaced by U+FFFD.
Invalid UTF-8 byte or sequence at line 1959 replaced by U+FFFD.
Invalid UTF-8 byte or sequence at line 1959 replaced by U+FFFD.
Invalid UTF-8 byte or sequence at line 1995 replaced by U+FFFD.
Invalid UTF-8 byte or sequence at line 2008 replaced by U+FFFD.
Invalid UTF-8 byte or sequence at line 2008 replaced by U+FFFD.
Invalid UTF-8 byte or sequence at line 2028 replaced by U+FFFD.
Invalid UTF-8 byte or sequence at line 2028 replaced by U+FFFD.
Invalid UTF-8 byte or sequence at line 2029 replaced by U+FFFD.
Invalid UTF-8 byte or sequence at line 2029 replaced by U+FFFD.
Invalid UTF-8 byte or sequence at line 2029 replaced by U+FFFD.
Invalid UTF-8 byte or sequence at line 2029 replaced by U+FFFD.
Invalid UTF-8 byte or sequence at line 2029 replaced by U+FFFD.
Invalid UTF-8 byte or sequence at line 2077 replaced by U+FFFD.
Invalid UTF-8 byte or sequence at line 2077 replaced by U+FFFD.
Invalid UTF-8 byte or sequence at line 2223 replaced by U+FFFD.
Invalid UTF-8 byte or sequence at line 2251 replaced by U+FFFD.
Invalid UTF-8 byte or sequence at line 2251 replaced by U+FFFD.
Invalid UTF-8 byte or sequence at line 2251 replaced by U+FFFD.
)
Package: chemfig 2019/05/21 v1.41 Draw molecule with an easy syntax (CT)
) (/usr/local/texlive/2019/texmf-dist/tex/latex/mhchem/mhchem.sty
Package: mhchem 2018/06/22 v4.08 for typesetting chemical formulae
 (/usr/local/texlive/2019/texmf-dist/tex/latex/tools/calc.sty
Package: calc 2017/05/25 v4.3 Infix arithmetic (KKT,FJ)
\calc@Acount=\count310
\calc@Bcount=\count311
\calc@Adimen=\dimen294
\calc@Bdimen=\dimen295
\calc@Askip=\skip59
\calc@Bskip=\skip60
LaTeX Info: Redefining \setlength on input line 80.
LaTeX Info: Redefining \addtolength on input line 81.
\calc@Ccount=\count312
\calc@Cskip=\skip61
) (/usr/local/texlive/2019/texmf-dist/tex/latex/amsmath/amsmath.sty
Package: amsmath 2020/01/20 v2.17e AMS math features
\@mathmargin=\skip62

For additional information on amsmath, use the `?' option.
(/usr/local/texlive/2019/texmf-dist/tex/latex/amsmath/amstext.sty
Package: amstext 2000/06/29 v2.01 AMS text
 (/usr/local/texlive/2019/texmf-dist/tex/latex/amsmath/amsgen.sty
File: amsgen.sty 1999/11/30 v2.0 generic functions
\@emptytoks=\toks30
\ex@=\dimen296
)) (/usr/local/texlive/2019/texmf-dist/tex/latex/amsmath/amsbsy.sty
Package: amsbsy 1999/11/29 v1.2d Bold Symbols
\pmbraise@=\dimen297
) (/usr/local/texlive/2019/texmf-dist/tex/latex/amsmath/amsopn.sty
Package: amsopn 2016/03/08 v2.02 operator names
)
\inf@bad=\count313
LaTeX Info: Redefining \frac on input line 227.
\uproot@=\count314
\leftroot@=\count315
LaTeX Info: Redefining \overline on input line 389.
\classnum@=\count316
\DOTSCASE@=\count317
LaTeX Info: Redefining \ldots on input line 486.
LaTeX Info: Redefining \dots on input line 489.
LaTeX Info: Redefining \cdots on input line 610.
\Mathstrutbox@=\box62
\strutbox@=\box63
\big@size=\dimen298
LaTeX Font Info:    Redeclaring font encoding OML on input line 733.
LaTeX Font Info:    Redeclaring font encoding OMS on input line 734.
\macc@depth=\count318
\c@MaxMatrixCols=\count319
\dotsspace@=\muskip18
\c@parentequation=\count320
\dspbrk@lvl=\count321
\tag@help=\toks31
\row@=\count322
\column@=\count323
\maxfields@=\count324
\andhelp@=\toks32
\eqnshift@=\dimen299
\alignsep@=\dimen300
\tagshift@=\dimen301
\tagwidth@=\dimen302
\totwidth@=\dimen303
\lineht@=\dimen304
\@envbody=\toks33
\multlinegap=\skip63
\multlinetaggap=\skip64
\mathdisplay@stack=\toks34
LaTeX Info: Redefining \[ on input line 2859.
LaTeX Info: Redefining \] on input line 2860.
) (/usr/local/texlive/2019/texmf-dist/tex/latex/chemgreek/chemgreek.sty
Package: chemgreek 2020/01/16 v1.1a interface for upright Greek letters for use in chemistry (CN)
\l__chemgreek_tmpa_int=\count325
\g__chemgreek_tmpa_int=\count326
)
\l__mhchem_ce_distanceFromLastComma_int=\count327
\__mhchem_arrow_extPgfLength_skip=\skip65
\mhchem@minispace@tmp=\skip66
\mhchem@minibackspace@tmp=\skip67
\mhchem@bondwidth=\skip68
\mhchem@bondheight=\skip69
\mhchem@smallbondwidth@tmpA=\skip70
\mhchem@smallbondwidth@tmpB=\skip71
\mhchem@smallbondwidth=\skip72
\mhchem@bondtmp@minussidebearingleft=\skip73
\mhchem@bondtmp@minussidebearingright=\skip74
\l__mhchem_option_version_int=\count328
\mhchem@option@minusmathsidebearingleft=\dimen305
\mhchem@option@minusmathsidebearingright=\dimen306
\mhchem@option@minustextsidebearingleft=\dimen307
\mhchem@option@minustextsidebearingright=\dimen308
) (/usr/local/texlive/2019/texmf-dist/tex/latex/siunitx/siunitx.sty
Package: siunitx 2020/02/25 v2.8b A comprehensive (SI) units package
 (/usr/local/texlive/2019/texmf-dist/tex/latex/tools/array.sty
Package: array 2019/08/31 v2.4l Tabular extension package (FMi)
\col@sep=\dimen309
\ar@mcellbox=\box64
\extrarowheight=\dimen310
\NC@list=\toks35
\extratabsurround=\skip75
\backup@length=\skip76
\ar@cellbox=\box65
)
\l__siunitx_tmp_box=\box66
\l__siunitx_tmp_dim=\dimen311
\l__siunitx_tmp_int=\count329
\l__siunitx_number_mantissa_length_int=\count330
\l__siunitx_number_uncert_length_int=\count331
\l__siunitx_round_int=\count332
\l__siunitx_process_decimal_int=\count333
\l__siunitx_process_uncertainty_int=\count334
\l__siunitx_process_fixed_int=\count335
\l__siunitx_process_integer_min_int=\count336
\l__siunitx_process_precision_int=\count337
\l__siunitx_group_min_int=\count338
\l__siunitx_angle_marker_box=\box67
\l__siunitx_angle_unit_box=\box68
\l__siunitx_angle_marker_dim=\dimen312
\l__siunitx_angle_unit_dim=\dimen313
\l__siunitx_unit_int=\count339
\l__siunitx_unit_denominator_int=\count340
\l__siunitx_unit_numerator_int=\count341
\l__siunitx_unit_prefix_int=\count342
\l__siunitx_unit_prefix_base_int=\count343
\l__siunitx_unit_prefix_gram_int=\count344
\l__siunitx_number_product_int=\count345
\c__siunitx_one_fill_skip=\skip77
\l__siunitx_table_unit_align_skip=\skip78
\l__siunitx_table_exponent_dim=\dimen314
\l__siunitx_table_integer_dim=\dimen315
\l__siunitx_table_mantissa_dim=\dimen316
\l__siunitx_table_marker_dim=\dimen317
\l__siunitx_table_result_dim=\dimen318
\l__siunitx_table_uncert_dim=\dimen319
\l__siunitx_table_fill_pre_dim=\dimen320
\l__siunitx_table_fill_post_dim=\dimen321
\l__siunitx_table_fill_mid_dim=\dimen322
\l__siunitx_table_pre_box=\box69
\l__siunitx_table_post_box=\box70
\l__siunitx_table_mantissa_box=\box71
\l__siunitx_table_result_box=\box72
\l__siunitx_table_number_align_skip=\skip79
\l__siunitx_table_text_align_skip=\skip80
 (/usr/local/texlive/2019/texmf-dist/tex/latex/translator/translator.sty
Package: translator 2019-05-31 v1.12a Easy translation of strings in LaTeX
)) (/usr/local/texlive/2019/texmf-dist/tex/latex/supertabular/supertabular.sty
Package: supertabular 2020/02/02 v4.1g the supertabular environment
\c@tracingst=\count346
\ST@wd=\dimen323
\ST@rightskip=\skip81
\ST@leftskip=\skip82
\ST@parfillskip=\skip83
\ST@pageleft=\dimen324
\ST@headht=\dimen325
\ST@tailht=\dimen326
\ST@pagesofar=\dimen327
\ST@pboxht=\dimen328
\ST@lineht=\dimen329
\ST@prevht=\dimen330
\ST@toadd=\dimen331
\ST@dimen=\dimen332
\ST@pbox=\box73
) (/usr/local/texlive/2019/texmf-dist/tex/latex/multirow/multirow.sty
Package: multirow 2019/05/31 v2.5 Span multiple rows of a table
\multirow@colwidth=\skip84
\multirow@cntb=\count347
\multirow@dima=\skip85
\bigstrutjot=\dimen333
)

Package geometry Warning: Over-specification in `h'-direction.
    `width' (398.33858pt) is ignored.


Package geometry Warning: Over-specification in `v'-direction.
    `height' (569.05511pt) is ignored.

Package hyperref Info: Option `colorlinks' set `true' on input line 41.

Package fontspec Info: Could not resolve font "Hiragino Sans GB/I" (it
(fontspec)             probably doesn't exist).


Package fontspec Info: Font family 'HiraginoSansGB(0)' created for font
(fontspec)             'Hiragino Sans GB' with options [Script={CJK}].
(fontspec)              
(fontspec)              This font family consists of the following NFSS
(fontspec)             series/shapes:
(fontspec)              
(fontspec)             - 'normal' (m/n) with NFSS spec.: <->"Hiragino Sans
(fontspec)             GB/OT:script=hani;language=dflt;"
(fontspec)             - 'small caps'  (m/sc) with NFSS spec.: 
(fontspec)             - 'bold' (b/n) with NFSS spec.: <->"Hiragino Sans
(fontspec)             GB/B/OT:script=hani;language=dflt;"
(fontspec)             - 'bold small caps'  (b/sc) with NFSS spec.: 
(fontspec)             - 'bold italic' (b/it) with NFSS spec.: <->"Hiragino
(fontspec)             Sans GB/BI/OT:script=hani;language=dflt;"
(fontspec)             - 'bold italic small caps'  (b/scit) with NFSS spec.: 


Package fontspec Info: Font family 'TimesNewRoman(0)' created for font 'Times
(fontspec)             New Roman' with options [Ligatures=TeX].
(fontspec)              
(fontspec)              This font family consists of the following NFSS
(fontspec)             series/shapes:
(fontspec)              
(fontspec)             - 'normal' (m/n) with NFSS spec.: <->"Times New
(fontspec)             Roman/OT:script=latn;language=dflt;mapping=tex-text;"
(fontspec)             - 'small caps'  (m/sc) with NFSS spec.: 
(fontspec)             - 'bold' (b/n) with NFSS spec.: <->"Times New
(fontspec)             Roman/B/OT:script=latn;language=dflt;mapping=tex-text;"
(fontspec)             - 'bold small caps'  (b/sc) with NFSS spec.: 
(fontspec)             - 'italic' (m/it) with NFSS spec.: <->"Times New
(fontspec)             Roman/I/OT:script=latn;language=dflt;mapping=tex-text;"
(fontspec)             - 'italic small caps'  (m/scit) with NFSS spec.: 
(fontspec)             - 'bold italic' (b/it) with NFSS spec.: <->"Times New
(fontspec)             Roman/BI/OT:script=latn;language=dflt;mapping=tex-text;"
(fontspec)             - 'bold italic small caps'  (b/scit) with NFSS spec.: 

(/Users/huyiwen/Documents/学习/化学/Chem/元素及其化合物/.texpadtmp/元素及其化合物.aux (/Users/huyiwen/Documents/学习/化学/Chem/元素及其化合物/.texpadtmp/section/s3.aux))
\openout1 = `元素及其化合物.aux'.

LaTeX Font Info:    Checking defaults for OML/cmm/m/it on input line 58.
LaTeX Font Info:    ... okay on input line 58.
LaTeX Font Info:    Checking defaults for OMS/cmsy/m/n on input line 58.
LaTeX Font Info:    ... okay on input line 58.
LaTeX Font Info:    Checking defaults for OT1/cmr/m/n on input line 58.
LaTeX Font Info:    ... okay on input line 58.
LaTeX Font Info:    Checking defaults for T1/cmr/m/n on input line 58.
LaTeX Font Info:    ... okay on input line 58.
LaTeX Font Info:    Checking defaults for TS1/cmr/m/n on input line 58.
LaTeX Font Info:    Trying to load font information for TS1+cmr on input line 58.
 (/usr/local/texlive/2019/texmf-dist/tex/latex/base/ts1cmr.fd
File: ts1cmr.fd 2019/12/16 v2.5j Standard LaTeX font definitions
)
LaTeX Font Info:    ... okay on input line 58.
LaTeX Font Info:    Checking defaults for TU/lmr/m/n on input line 58.
LaTeX Font Info:    ... okay on input line 58.
LaTeX Font Info:    Checking defaults for OMX/cmex/m/n on input line 58.
LaTeX Font Info:    ... okay on input line 58.
LaTeX Font Info:    Checking defaults for U/cmr/m/n on input line 58.
LaTeX Font Info:    ... okay on input line 58.
LaTeX Font Info:    Checking defaults for PD1/pdf/m/n on input line 58.
LaTeX Font Info:    ... okay on input line 58.
LaTeX Font Info:    Checking defaults for PU/pdf/m/n on input line 58.
LaTeX Font Info:    ... okay on input line 58.

Package fontspec Info: Adjusting the maths setup (use [no-math] to avoid
(fontspec)             this).

\symlegacymaths=\mathgroup4
LaTeX Font Info:    Overwriting symbol font `legacymaths' in version `bold'
(Font)                  OT1/cmr/m/n --> OT1/cmr/bx/n on input line 58.
LaTeX Font Info:    Redeclaring math accent \acute on input line 58.
LaTeX Font Info:    Redeclaring math accent \grave on input line 58.
LaTeX Font Info:    Redeclaring math accent \ddot on input line 58.
LaTeX Font Info:    Redeclaring math accent \tilde on input line 58.
LaTeX Font Info:    Redeclaring math accent \bar on input line 58.
LaTeX Font Info:    Redeclaring math accent \breve on input line 58.
LaTeX Font Info:    Redeclaring math accent \check on input line 58.
LaTeX Font Info:    Redeclaring math accent \hat on input line 58.
LaTeX Font Info:    Redeclaring math accent \dot on input line 58.
LaTeX Font Info:    Redeclaring math accent \mathring on input line 58.
LaTeX Font Info:    Redeclaring math symbol \Gamma on input line 58.
LaTeX Font Info:    Redeclaring math symbol \Delta on input line 58.
LaTeX Font Info:    Redeclaring math symbol \Theta on input line 58.
LaTeX Font Info:    Redeclaring math symbol \Lambda on input line 58.
LaTeX Font Info:    Redeclaring math symbol \Xi on input line 58.
LaTeX Font Info:    Redeclaring math symbol \Pi on input line 58.
LaTeX Font Info:    Redeclaring math symbol \Sigma on input line 58.
LaTeX Font Info:    Redeclaring math symbol \Upsilon on input line 58.
LaTeX Font Info:    Redeclaring math symbol \Phi on input line 58.
LaTeX Font Info:    Redeclaring math symbol \Psi on input line 58.
LaTeX Font Info:    Redeclaring math symbol \Omega on input line 58.
LaTeX Font Info:    Redeclaring math symbol \mathdollar on input line 58.
LaTeX Font Info:    Redeclaring symbol font `operators' on input line 58.
LaTeX Font Info:    Encoding `OT1' has changed to `TU' for symbol font
(Font)              `operators' in the math version `normal' on input line 58.
LaTeX Font Info:    Overwriting symbol font `operators' in version `normal'
(Font)                  OT1/cmr/m/n --> TU/TimesNewRoman(0)/m/n on input line 58.
LaTeX Font Info:    Encoding `OT1' has changed to `TU' for symbol font
(Font)              `operators' in the math version `bold' on input line 58.
LaTeX Font Info:    Overwriting symbol font `operators' in version `bold'
(Font)                  OT1/cmr/bx/n --> TU/TimesNewRoman(0)/m/n on input line 58.
LaTeX Font Info:    Overwriting symbol font `operators' in version `normal'
(Font)                  TU/TimesNewRoman(0)/m/n --> TU/TimesNewRoman(0)/m/n on input line 58.
LaTeX Font Info:    Overwriting math alphabet `\mathit' in version `normal'
(Font)                  OT1/cmr/m/it --> TU/TimesNewRoman(0)/m/it on input line 58.
LaTeX Font Info:    Overwriting math alphabet `\mathbf' in version `normal'
(Font)                  OT1/cmr/bx/n --> TU/TimesNewRoman(0)/b/n on input line 58.
LaTeX Font Info:    Overwriting math alphabet `\mathsf' in version `normal'
(Font)                  OT1/cmss/m/n --> TU/lmss/m/n on input line 58.
LaTeX Font Info:    Overwriting math alphabet `\mathtt' in version `normal'
(Font)                  OT1/cmtt/m/n --> TU/lmtt/m/n on input line 58.
LaTeX Font Info:    Overwriting symbol font `operators' in version `bold'
(Font)                  TU/TimesNewRoman(0)/m/n --> TU/TimesNewRoman(0)/b/n on input line 58.
LaTeX Font Info:    Overwriting math alphabet `\mathit' in version `bold'
(Font)                  OT1/cmr/bx/it --> TU/TimesNewRoman(0)/b/it on input line 58.
LaTeX Font Info:    Overwriting math alphabet `\mathsf' in version `bold'
(Font)                  OT1/cmss/bx/n --> TU/lmss/b/n on input line 58.
LaTeX Font Info:    Overwriting math alphabet `\mathtt' in version `bold'
(Font)                  OT1/cmtt/m/n --> TU/lmtt/b/n on input line 58.
\AtBeginShipoutBox=\box74
Package hyperref Info: Link coloring ON on input line 58.
 (/usr/local/texlive/2019/texmf-dist/tex/latex/hyperref/nameref.sty
Package: nameref 2019/09/16 v2.46 Cross-referencing by name of section
 (/usr/local/texlive/2019/texmf-dist/tex/latex/refcount/refcount.sty
Package: refcount 2019/12/15 v3.6 Data extraction from label references (HO)
) (/usr/local/texlive/2019/texmf-dist/tex/generic/gettitlestring/gettitlestring.sty
Package: gettitlestring 2019/12/15 v1.6 Cleanup title references (HO)
)
\c@section@level=\count348
)
LaTeX Info: Redefining \ref on input line 58.
LaTeX Info: Redefining \pageref on input line 58.
LaTeX Info: Redefining \nameref on input line 58.
 (/Users/huyiwen/Documents/学习/化学/Chem/元素及其化合物/.texpadtmp/元素及其化合物.out) (/Users/huyiwen/Documents/学习/化学/Chem/元素及其化合物/.texpadtmp/元素及其化合物.out)
\@outlinefile=\write4
\openout4 = `元素及其化合物.out'.


*geometry* detected driver: dvipdfm
*geometry* verbose mode - [ preamble ] result:
* driver: dvipdfm
* paper: custom
* layout: <same size as paper>
* layoutoffset:(h,v)=(0.0pt,0.0pt)
* modes: 
* h-part:(L,W,R)=(59.75095pt, 398.33817pt, 59.75095pt)
* v-part:(T,H,B)=(28.45274pt, 569.05513pt, 42.67912pt)
* \paperwidth=517.84006pt
* \paperheight=640.187pt
* \textwidth=398.33817pt
* \textheight=569.05513pt
* \oddsidemargin=-12.51904pt
* \evensidemargin=-12.51904pt
* \topmargin=-80.81725pt
* \headheight=12.0pt
* \headsep=25.0pt
* \topskip=10.0pt
* \footskip=30.0pt
* \marginparwidth=65.0pt
* \marginparsep=11.0pt
* \columnsep=10.0pt
* \skip\footins=9.0pt plus 4.0pt minus 2.0pt
* \hoffset=0.0pt
* \voffset=0.0pt
* \mag=1000
* \@twocolumnfalse
* \@twosidefalse
* \@mparswitchfalse
* \@reversemarginfalse
* (1in=72.27pt=25.4mm, 1cm=28.453pt)

ABD: EveryShipout initializing macros

Package chemgreek Info: Activating mapping `fontspec' on line 58.

 (/usr/local/texlive/2019/texmf-dist/tex/latex/translator/translator-basic-dictionary-English.dict
Dictionary: translator-basic-dictionary, Language: English 
) (/usr/local/texlive/2019/texmf-dist/tex/latex/siunitx/siunitx-abbreviations.cfg
File: siunitx-abbreviations.cfg 2017/11/26 v2.7k siunitx: Abbreviated units
) (/Users/huyiwen/Documents/学习/化学/Chem/元素及其化合物/.texpadtmp/元素及其化合物.toc)
\tf@toc=\write5
\openout5 = `元素及其化合物.toc'.

 (/usr/local/texlive/2019/texmf-dist/tex/generic/stringenc/se-ascii-print.def
File: se-ascii-print.def 2019/11/29 v1.12 stringenc: Printable ASCII characters
) [1

]
\openout2 = `section/s3.aux'.

 (./section/s3.tex [2


] [3] [4]
Underfull \hbox (badness 10000) in paragraph at lines 157--158

 []


Underfull \hbox (badness 10000) in paragraph at lines 158--159

 []


Underfull \hbox (badness 10000) in paragraph at lines 164--165

 []


Underfull \hbox (badness 10000) in paragraph at lines 165--166

 []


Underfull \hbox (badness 10000) in paragraph at lines 170--171

 []

[5]
Underfull \hbox (badness 10000) in paragraph at lines 190--191

 []


Underfull \hbox (badness 10000) in paragraph at lines 191--192

 []


Underfull \hbox (badness 10000) in paragraph at lines 197--198

 []


Underfull \hbox (badness 10000) in paragraph at lines 198--199

 []


Underfull \hbox (badness 10000) in paragraph at lines 206--207

 []


Underfull \hbox (badness 10000) in paragraph at lines 207--208

 []


Underfull \hbox (badness 10000) in paragraph at lines 212--213

 []


Underfull \hbox (badness 10000) in paragraph at lines 226--227

 []

[6]
Underfull \hbox (badness 10000) in paragraph at lines 227--228

 []


Underfull \hbox (badness 10000) in paragraph at lines 228--229

 []

File: res/Al.pdf Graphic file (type pdf)
<use res/Al.pdf>
) [7]
Package atveryend Info: Empty hook `BeforeClearDocument' on input line 71.
Package atveryend Info: Empty hook `AfterLastShipout' on input line 71.
 (/Users/huyiwen/Documents/学习/化学/Chem/元素及其化合物/.texpadtmp/元素及其化合物.aux (/Users/huyiwen/Documents/学习/化学/Chem/元素及其化合物/.texpadtmp/section/s3.aux))
Package atveryend Info: Empty hook `AtVeryEndDocument' on input line 71.
Package atveryend Info: Executing hook `AtEndAfterFileList' on input line 71.
Package rerunfilecheck Info: File `元素及其化合物.out' has not changed.
(rerunfilecheck)             Checksum: <no file>.
Package atveryend Info: Empty hook `AtVeryVeryEnd' on input line 71.
 ) 
Here is how much of TeX's memory you used:
 28444 strings out of 479805
 613203 string characters out of 5893181
 925170 words of memory out of 5000000
 45089 multiletter control sequences out of 15000+600000
 536970 words of font info for 90 fonts, out of 8000000 for 9000
 1348 hyphenation exceptions out of 8191
 68i,16n,86p,460b,803s stack positions out of 5000i,500n,10000p,200000b,80000s

Output written on /Users/huyiwen/Documents/学习/化学/Chem/元素及其化合物/.texpadtmp/元素及其化合物.pdf (7 pages).
