\BOOKMARK [1][-]{section.1}{Flashback}{}% 1
\BOOKMARK [2][-]{subsection.1.1}{氧化性顺序}{section.1}% 2
\BOOKMARK [2][-]{subsection.1.2}{元素氧化图解}{section.1}% 3
\BOOKMARK [1][-]{section.2}{Na}{}% 4
\BOOKMARK [2][-]{subsection.2.1}{Na单质}{section.2}% 5
\BOOKMARK [3][-]{subsubsection.2.1.1}{物理性质}{subsection.2.1}% 6
\BOOKMARK [3][-]{subsubsection.2.1.2}{化学性质}{subsection.2.1}% 7
\BOOKMARK [3][-]{subsubsection.2.1.3}{钠的制取}{subsection.2.1}% 8
\BOOKMARK [3][-]{subsubsection.2.1.4}{钠的用途}{subsection.2.1}% 9
\BOOKMARK [3][-]{subsubsection.2.1.5}{焰色反应}{subsection.2.1}% 10
\BOOKMARK [2][-]{subsection.2.2}{Na的化合物}{section.2}% 11
\BOOKMARK [3][-]{subsubsection.2.2.1}{氧化钠和过氧化钠}{subsection.2.2}% 12
\BOOKMARK [3][-]{subsubsection.2.2.2}{碳酸钠和碳酸氢钠}{subsection.2.2}% 13
\BOOKMARK [1][-]{section.3}{镁和铝}{}% 14
\BOOKMARK [2][-]{subsection.3.1}{铝单质}{section.3}% 15
\BOOKMARK [3][-]{subsubsection.3.1.1}{物理性质}{subsection.3.1}% 16
\BOOKMARK [3][-]{subsubsection.3.1.2}{化学性质}{subsection.3.1}% 17
\BOOKMARK [3][-]{subsubsection.3.1.3}{制备}{subsection.3.1}% 18
\BOOKMARK [2][-]{subsection.3.2}{氧化铝}{section.3}% 19
\BOOKMARK [3][-]{subsubsection.3.2.1}{物理性质}{subsection.3.2}% 20
\BOOKMARK [3][-]{subsubsection.3.2.2}{化学性质}{subsection.3.2}% 21
\BOOKMARK [2][-]{subsection.3.3}{氢氧化铝}{section.3}% 22
\BOOKMARK [3][-]{subsubsection.3.3.1}{化学性质}{subsection.3.3}% 23
\BOOKMARK [2][-]{subsection.3.4}{铝离子}{section.3}% 24
\BOOKMARK [2][-]{subsection.3.5}{偏铝酸根}{section.3}% 25
\BOOKMARK [2][-]{subsection.3.6}{氢氧化铝}{section.3}% 26
\BOOKMARK [3][-]{subsubsection.3.6.1}{物理性质}{subsection.3.6}% 27
\BOOKMARK [3][-]{subsubsection.3.6.2}{制备}{subsection.3.6}% 28
\BOOKMARK [2][-]{subsection.3.7}{总结}{section.3}% 29
\BOOKMARK [1][-]{section.4}{Fe}{}% 30
\BOOKMARK [2][-]{subsection.4.1}{铁单质}{section.4}% 31
\BOOKMARK [3][-]{subsubsection.4.1.1}{物理性质}{subsection.4.1}% 32
\BOOKMARK [3][-]{subsubsection.4.1.2}{化学性质}{subsection.4.1}% 33
\BOOKMARK [2][-]{subsection.4.2}{铁的氧化物}{section.4}% 34
\BOOKMARK [2][-]{subsection.4.3}{铁的水化物}{section.4}% 35
\BOOKMARK [3][-]{subsubsection.4.3.1}{比较Fe\(OH\)2和Fe\(OH\)3}{subsection.4.3}% 36
\BOOKMARK [3][-]{subsubsection.4.3.2}{Fe\(OH\)2和Fe\(OH\)3的转化}{subsection.4.3}% 37
\BOOKMARK [2][-]{subsection.4.4}{铁三角（铁、亚铁盐、铁盐）}{section.4}% 38
\BOOKMARK [1][-]{section.5}{Si}{}% 39
\BOOKMARK [2][-]{subsection.5.1}{硅单质}{section.5}% 40
\BOOKMARK [3][-]{subsubsection.5.1.1}{物理性质}{subsection.5.1}% 41
\BOOKMARK [3][-]{subsubsection.5.1.2}{化学性质}{subsection.5.1}% 42
\BOOKMARK [2][-]{subsection.5.2}{硅的氧化物}{section.5}% 43
\BOOKMARK [3][-]{subsubsection.5.2.1}{物理性质}{subsection.5.2}% 44
\BOOKMARK [3][-]{subsubsection.5.2.2}{化学性质}{subsection.5.2}% 45
\BOOKMARK [2][-]{subsection.5.3}{硅的水化物（硅酸、原硅酸）}{section.5}% 46
\BOOKMARK [3][-]{subsubsection.5.3.1}{物理性质}{subsection.5.3}% 47
\BOOKMARK [3][-]{subsubsection.5.3.2}{化学性质}{subsection.5.3}% 48
\BOOKMARK [3][-]{subsubsection.5.3.3}{制备}{subsection.5.3}% 49
\BOOKMARK [2][-]{subsection.5.4}{硅酸盐}{section.5}% 50
\BOOKMARK [3][-]{subsubsection.5.4.1}{物理性质}{subsection.5.4}% 51
\BOOKMARK [3][-]{subsubsection.5.4.2}{化学性质}{subsection.5.4}% 52
\BOOKMARK [3][-]{subsubsection.5.4.3}{硅酸盐的拆分}{subsection.5.4}% 53
\BOOKMARK [2][-]{subsection.5.5}{用途与俗称}{section.5}% 54
\BOOKMARK [3][-]{subsubsection.5.5.1}{用途}{subsection.5.5}% 55
\BOOKMARK [3][-]{subsubsection.5.5.2}{俗称}{subsection.5.5}% 56
\BOOKMARK [1][-]{section.6}{Cl}{}% 57
\BOOKMARK [2][-]{subsubsection.6.0.1}{含氯酸}{section.6}% 58
\BOOKMARK [3][-]{subsubsection.6.0.2}{卤素}{subsubsection.6.0.1}% 59
\BOOKMARK [2][-]{subsection.6.1}{盐酸}{section.6}% 60
\BOOKMARK [3][-]{subsubsection.6.1.1}{物理性质}{subsection.6.1}% 61
\BOOKMARK [3][-]{subsubsection.6.1.2}{化学性质}{subsection.6.1}% 62
\BOOKMARK [3][-]{subsubsection.6.1.3}{制备}{subsection.6.1}% 63
\BOOKMARK [2][-]{subsection.6.2}{氯气}{section.6}% 64
\BOOKMARK [3][-]{subsubsection.6.2.1}{物理性质}{subsection.6.2}% 65
\BOOKMARK [3][-]{subsubsection.6.2.2}{化学性质}{subsection.6.2}% 66
\BOOKMARK [3][-]{subsubsection.6.2.3}{制备}{subsection.6.2}% 67
\BOOKMARK [3][-]{subsubsection.6.2.4}{除杂}{subsection.6.2}% 68
\BOOKMARK [3][-]{subsubsection.6.2.5}{氯水}{subsection.6.2}% 69
\BOOKMARK [3][-]{subsubsection.6.2.6}{鉴别}{subsection.6.2}% 70
\BOOKMARK [2][-]{subsection.6.3}{次氯酸}{section.6}% 71
\BOOKMARK [3][-]{subsubsection.6.3.1}{化学性质}{subsection.6.3}% 72
\BOOKMARK [2][-]{subsection.6.4}{含氯酸盐}{section.6}% 73
\BOOKMARK [3][-]{subsubsection.6.4.1}{NaClO}{subsection.6.4}% 74
\BOOKMARK [3][-]{subsubsection.6.4.2}{Ca\(ClO\)2}{subsection.6.4}% 75
\BOOKMARK [3][-]{subsubsection.6.4.3}{Cl2逐渐通入FeI2和FeBr2混合溶液}{subsection.6.4}% 76
\BOOKMARK [3][-]{subsubsection.6.4.4}{Cl2逐渐通入Na2CO溶液}{subsection.6.4}% 77
\BOOKMARK [1][-]{section.7}{S}{}% 78
\BOOKMARK [2][-]{subsection.7.1}{硫化氢}{section.7}% 79
\BOOKMARK [3][-]{subsubsection.7.1.1}{物理性质}{subsection.7.1}% 80
\BOOKMARK [3][-]{subsubsection.7.1.2}{化学性质}{subsection.7.1}% 81
\BOOKMARK [3][-]{subsubsection.7.1.3}{制备}{subsection.7.1}% 82
\BOOKMARK [2][-]{subsection.7.2}{硫单质}{section.7}% 83
\BOOKMARK [3][-]{subsubsection.7.2.1}{物理性质}{subsection.7.2}% 84
\BOOKMARK [3][-]{subsubsection.7.2.2}{化学性质}{subsection.7.2}% 85
\BOOKMARK [2][-]{subsection.7.3}{二氧化硫}{section.7}% 86
\BOOKMARK [3][-]{subsubsection.7.3.1}{物理性质}{subsection.7.3}% 87
\BOOKMARK [3][-]{subsubsection.7.3.2}{化学性质}{subsection.7.3}% 88
\BOOKMARK [3][-]{subsubsection.7.3.3}{硫酸型酸雨}{subsection.7.3}% 89
\BOOKMARK [3][-]{subsubsection.7.3.4}{除杂}{subsection.7.3}% 90
\BOOKMARK [3][-]{subsubsection.7.3.5}{制备}{subsection.7.3}% 91
\BOOKMARK [2][-]{subsection.7.4}{三氧化硫}{section.7}% 92
\BOOKMARK [3][-]{subsubsection.7.4.1}{物理性质}{subsection.7.4}% 93
\BOOKMARK [3][-]{subsubsection.7.4.2}{化学性质}{subsection.7.4}% 94
\BOOKMARK [3][-]{subsubsection.7.4.3}{除杂}{subsection.7.4}% 95
\BOOKMARK [2][-]{subsection.7.5}{亚硫酸}{section.7}% 96
\BOOKMARK [3][-]{subsubsection.7.5.1}{化学性质}{subsection.7.5}% 97
\BOOKMARK [2][-]{subsection.7.6}{硫酸}{section.7}% 98
\BOOKMARK [3][-]{subsubsection.7.6.1}{物理性质}{subsection.7.6}% 99
\BOOKMARK [3][-]{subsubsection.7.6.2}{化学性质}{subsection.7.6}% 100
\BOOKMARK [3][-]{subsubsection.7.6.3}{制备}{subsection.7.6}% 101
\BOOKMARK [2][-]{subsection.7.7}{含硫酸盐}{section.7}% 102
\BOOKMARK [3][-]{subsubsection.7.7.1}{FeSO4}{subsection.7.7}% 103
\BOOKMARK [3][-]{subsubsection.7.7.2}{CuSO4}{subsection.7.7}% 104
\BOOKMARK [3][-]{subsubsection.7.7.3}{Na2S2O3}{subsection.7.7}% 105
\BOOKMARK [1][-]{section.8}{N}{}% 106
\BOOKMARK [2][-]{subsection.8.1}{氨气}{section.8}% 107
\BOOKMARK [3][-]{subsubsection.8.1.1}{物理性质}{subsection.8.1}% 108
\BOOKMARK [3][-]{subsubsection.8.1.2}{尾气处理防倒吸}{subsection.8.1}% 109
\BOOKMARK [3][-]{subsubsection.8.1.3}{喷泉实验}{subsection.8.1}% 110
\BOOKMARK [3][-]{subsubsection.8.1.4}{化学性质}{subsection.8.1}% 111
\BOOKMARK [3][-]{subsubsection.8.1.5}{检验与验满}{subsection.8.1}% 112
\BOOKMARK [3][-]{subsubsection.8.1.6}{制备}{subsection.8.1}% 113
\BOOKMARK [3][-]{subsubsection.8.1.7}{用途}{subsection.8.1}% 114
\BOOKMARK [2][-]{subsection.8.2}{氮气}{section.8}% 115
\BOOKMARK [3][-]{subsubsection.8.2.1}{物理性质}{subsection.8.2}% 116
\BOOKMARK [3][-]{subsubsection.8.2.2}{化学性质}{subsection.8.2}% 117
\BOOKMARK [3][-]{subsubsection.8.2.3}{制备}{subsection.8.2}% 118
\BOOKMARK [2][-]{subsection.8.3}{氮的氧化物}{section.8}% 119
\BOOKMARK [3][-]{subsubsection.8.3.1}{物理性质}{subsection.8.3}% 120
\BOOKMARK [3][-]{subsubsection.8.3.2}{化学性质}{subsection.8.3}% 121
\BOOKMARK [3][-]{subsubsection.8.3.3}{酸酐}{subsection.8.3}% 122
\BOOKMARK [2][-]{subsection.8.4}{硝酸}{section.8}% 123
\BOOKMARK [3][-]{subsubsection.8.4.1}{物理性质}{subsection.8.4}% 124
\BOOKMARK [3][-]{subsubsection.8.4.2}{化学性质}{subsection.8.4}% 125
\BOOKMARK [3][-]{subsubsection.8.4.3}{制备}{subsection.8.4}% 126
\BOOKMARK [3][-]{subsubsection.8.4.4}{固氮}{subsection.8.4}% 127
\BOOKMARK [2][-]{subsection.8.5}{盐}{section.8}% 128
\BOOKMARK [3][-]{subsubsection.8.5.1}{硝酸盐分解规律}{subsection.8.5}% 129
\BOOKMARK [3][-]{subsubsection.8.5.2}{铵盐分解规律}{subsection.8.5}% 130
